sorting
DPMMEIRL
4
2
0.000005
90
0.00001
1
0.2
45
0.1
false
[ 0, 1, 2, 0]:InspectWithoutPicking:1;
[ 0, 0, 2, 1]:Pick:1;
[ 3, 0, 3, 1]:PlaceInBin:1;
[ 2, 2, 2, 0]:InspectWithoutPicking:1;
[ 0, 0, 2, 1]:Pick:1;
[ 3, 0, 3, 1]:PlaceInBin:1;
[ 2, 2, 2, 0]:InspectWithoutPicking:1;
[ 0, 0, 2, 1]:Pick:1;
[ 3, 0, 3, 1]:PlaceInBin:1;
[ 2, 2, 2, 0]:InspectWithoutPicking:1;
[ 0, 0, 2, 1]:Pick:1;
[ 3, 0, 3, 1]:PlaceInBin:1;
[ 2, 2, 2, 1]:ClaimNextInList:1;
[ 0, 0, 2, 1]:Pick:1;
[ 3, 0, 3, 1]:PlaceInBin:1;
[ 2, 2, 2, 0]:InspectWithoutPicking:1;
[ 0, 0, 2, 1]:Pick:1;
[ 3, 0, 3, 1]:PlaceInBin:1;
[ 2, 2, 2, 1]:ClaimNextInList:1;
[ 0, 0, 2, 1]:Pick:1;
[ 3, 0, 3, 1]:PlaceInBin:1;
[ 2, 2, 2, 1]:ClaimNextInList:1;
[ 0, 0, 2, 1]:Pick:1;
[ 3, 0, 3, 1]:PlaceInBin:1;
[ 2, 2, 2, 1]:ClaimNextInList:1;
[ 0, 0, 2, 1]:Pick:1;
[ 3, 0, 3, 1]:PlaceInBin:1;
[ 2, 2, 2, 0]:InspectWithoutPicking:1;
[ 0, 0, 2, 1]:Pick:1;
[ 3, 0, 3, 1]:PlaceInBin:1;
[ 2, 2, 2, 0]:InspectWithoutPicking:1;
[ 0, 0, 2, 1]:Pick:1;
[ 3, 0, 3, 1]:PlaceInBin:1;
[ 2, 2, 2, 0]:InspectWithoutPicking:1;
[ 0, 2, 2, 0]:Pick:1;
[ 3, 2, 3, 0]:InspectAfterPicking:1;
[ 1, 1, 1, 2]:PlaceOnConveyor:1;
[ 0, 2, 0, 2]:Pick:1;
[ 3, 2, 3, 2]:InspectAfterPicking:1;
[ 1, 1, 1, 2]:PlaceOnConveyor:1;
[ 0, 2, 0, 2]:Pick:1;
[ 3, 2, 3, 2]:InspectAfterPicking:1;
[ 1, 0, 1, 2]:PlaceInBin:1;
[ 2, 2, 2, 2]:ClaimNewOnion:1;
[ 0, 2, 2, 2]:Pick:1;
[ 3, 2, 3, 2]:InspectAfterPicking:1;
[ 1, 1, 1, 2]:PlaceOnConveyor:1;
[ 0, 2, 0, 2]:Pick:1;
[ 3, 2, 3, 2]:InspectAfterPicking:1;
[ 1, 1, 1, 2]:PlaceOnConveyor:1;
ENDTRAJ
[ 0, 1, 0, 0]:Pick:1;
[ 3, 1, 3, 0]:PlaceOnConveyor:1;
[ 3, 1, 3, 0]:PlaceOnConveyor:1;
[ 0, 2, 0, 2]:Pick:1;
[ 3, 2, 3, 2]:InspectAfterPicking:1;
[ 1, 0, 1, 2]:PlaceInBin:1;
[ 2, 2, 2, 2]:ClaimNewOnion:1;
[ 0, 2, 2, 2]:Pick:1;
[ 3, 2, 3, 2]:InspectAfterPicking:1;
[ 1, 1, 1, 2]:PlaceOnConveyor:1;
[ 0, 2, 0, 2]:Pick:1;
[ 3, 2, 3, 2]:InspectAfterPicking:1;
[ 1, 1, 1, 2]:PlaceOnConveyor:1;
[ 0, 2, 0, 2]:Pick:1;
[ 3, 2, 3, 2]:InspectAfterPicking:1;
[ 1, 0, 1, 2]:PlaceInBin:1;
[ 2, 2, 2, 2]:ClaimNewOnion:1;
[ 0, 2, 2, 2]:Pick:1;
[ 3, 2, 3, 2]:InspectAfterPicking:1;
[ 1, 0, 1, 2]:PlaceInBin:1;
[ 2, 2, 2, 2]:ClaimNewOnion:1;
[ 0, 2, 2, 2]:Pick:1;
[ 3, 2, 3, 2]:InspectAfterPicking:1;
[ 1, 0, 1, 2]:PlaceInBin:1;
[ 2, 2, 2, 2]:ClaimNewOnion:1;
[ 0, 2, 2, 2]:Pick:1;
[ 3, 2, 3, 2]:InspectAfterPicking:1;
[ 1, 1, 1, 2]:PlaceOnConveyor:1;
[ 0, 2, 0, 2]:Pick:1;
[ 3, 2, 3, 2]:InspectAfterPicking:1;
[ 1, 0, 1, 2]:PlaceInBin:1;
[ 2, 2, 2, 2]:ClaimNewOnion:1;
[ 0, 2, 2, 2]:Pick:1;
[ 3, 2, 3, 2]:InspectAfterPicking:1;
[ 1, 1, 1, 2]:PlaceOnConveyor:1;
[ 0, 2, 0, 2]:Pick:1;
[ 3, 2, 3, 2]:InspectAfterPicking:1;
[ 1, 0, 1, 2]:PlaceInBin:1;
[ 1, 0, 1, 2]:PlaceInBin:1;
[ 2, 2, 2, 2]:ClaimNewOnion:1;
[ 0, 2, 2, 2]:Pick:1;
[ 3, 2, 3, 2]:InspectAfterPicking:1;
[ 1, 1, 1, 2]:PlaceOnConveyor:1;
[ 0, 2, 0, 2]:Pick:1;
[ 3, 2, 3, 2]:InspectAfterPicking:1;
[ 1, 1, 1, 2]:PlaceOnConveyor:1;
[ 0, 2, 0, 2]:Pick:1;
[ 3, 2, 3, 2]:InspectAfterPicking:1;
[ 1, 0, 1, 2]:PlaceInBin:1;
[ 2, 2, 2, 2]:ClaimNewOnion:1;
ENDTRAJ
[ 0, 2, 3, 0]:Pick:1;
[ 3, 2, 3, 0]:InspectAfterPicking:1;
[ 1, 1, 1, 2]:PlaceOnConveyor:1;
[ 0, 2, 0, 2]:Pick:1;
[ 3, 2, 3, 2]:InspectAfterPicking:1;
[ 1, 1, 1, 2]:PlaceOnConveyor:1;
[ 0, 2, 0, 2]:Pick:1;
[ 3, 2, 3, 2]:InspectAfterPicking:1;
[ 3, 2, 3, 2]:InspectAfterPicking:1;
[ 1, 0, 1, 2]:PlaceInBin:1;
[ 2, 2, 2, 2]:ClaimNewOnion:1;
[ 0, 2, 2, 2]:Pick:1;
[ 3, 2, 3, 2]:InspectAfterPicking:1;
[ 1, 0, 1, 2]:PlaceInBin:1;
[ 2, 2, 2, 2]:ClaimNewOnion:1;
[ 0, 2, 2, 2]:Pick:1;
[ 3, 2, 3, 2]:InspectAfterPicking:1;
[ 1, 1, 1, 2]:PlaceOnConveyor:1;
[ 0, 2, 0, 2]:Pick:1;
[ 3, 2, 3, 2]:InspectAfterPicking:1;
[ 1, 0, 1, 2]:PlaceInBin:1;
[ 2, 2, 2, 2]:ClaimNewOnion:1;
[ 0, 2, 2, 2]:Pick:1;
[ 3, 2, 3, 2]:InspectAfterPicking:1;
[ 1, 0, 1, 2]:PlaceInBin:1;
[ 2, 2, 2, 2]:ClaimNewOnion:1;
[ 0, 2, 2, 2]:Pick:1;
[ 3, 2, 3, 2]:InspectAfterPicking:1;
[ 1, 1, 1, 2]:PlaceOnConveyor:1;
[ 0, 2, 0, 2]:Pick:1;
[ 3, 2, 3, 2]:InspectAfterPicking:1;
[ 1, 0, 1, 2]:PlaceInBin:1;
[ 2, 2, 2, 2]:ClaimNewOnion:1;
[ 0, 2, 2, 2]:Pick:1;
[ 3, 2, 3, 2]:InspectAfterPicking:1;
[ 1, 1, 1, 2]:PlaceOnConveyor:1;
[ 0, 2, 0, 2]:Pick:1;
[ 3, 2, 3, 2]:InspectAfterPicking:1;
[ 1, 0, 1, 2]:PlaceInBin:1;
[ 2, 2, 2, 2]:ClaimNewOnion:1;
[ 0, 2, 2, 2]:Pick:1;
[ 3, 2, 3, 2]:InspectAfterPicking:1;
[ 1, 0, 1, 2]:PlaceInBin:1;
[ 2, 2, 2, 2]:ClaimNewOnion:1;
[ 0, 2, 2, 2]:Pick:1;
[ 3, 2, 3, 2]:InspectAfterPicking:1;
[ 1, 1, 1, 2]:PlaceOnConveyor:1;
[ 0, 2, 0, 2]:Pick:1;
[ 3, 2, 3, 2]:InspectAfterPicking:1;
[ 1, 0, 1, 2]:PlaceInBin:1;
ENDTRAJ
[ 0, 2, 3, 0]:Pick:1;
[ 3, 2, 3, 0]:InspectAfterPicking:1;
[ 1, 0, 1, 2]:PlaceInBin:1;
[ 2, 2, 2, 2]:ClaimNewOnion:1;
[ 0, 2, 2, 2]:Pick:1;
[ 3, 2, 3, 2]:InspectAfterPicking:1;
[ 1, 0, 1, 2]:PlaceInBin:1;
[ 2, 2, 2, 2]:ClaimNewOnion:1;
[ 0, 2, 2, 2]:Pick:1;
[ 3, 2, 3, 2]:InspectAfterPicking:1;
[ 1, 0, 1, 2]:PlaceInBin:1;
[ 2, 2, 2, 2]:ClaimNewOnion:1;
[ 0, 2, 2, 2]:Pick:1;
[ 3, 2, 3, 2]:InspectAfterPicking:1;
[ 1, 1, 1, 2]:PlaceOnConveyor:1;
[ 0, 2, 0, 2]:Pick:1;
[ 3, 2, 3, 2]:InspectAfterPicking:1;
[ 1, 0, 1, 2]:PlaceInBin:1;
[ 2, 2, 2, 2]:ClaimNewOnion:1;
[ 0, 2, 2, 2]:Pick:1;
[ 3, 2, 3, 2]:InspectAfterPicking:1;
[ 1, 0, 1, 2]:PlaceInBin:1;
[ 2, 2, 2, 2]:ClaimNewOnion:1;
[ 0, 2, 2, 2]:Pick:1;
[ 0, 2, 2, 2]:Pick:1;
[ 3, 2, 3, 2]:InspectAfterPicking:1;
[ 1, 0, 1, 2]:PlaceInBin:1;
[ 2, 2, 2, 2]:ClaimNewOnion:1;
[ 0, 2, 2, 2]:Pick:1;
[ 3, 2, 3, 2]:InspectAfterPicking:1;
[ 1, 1, 1, 2]:PlaceOnConveyor:1;
[ 0, 2, 0, 2]:Pick:1;
[ 3, 2, 3, 2]:InspectAfterPicking:1;
[ 1, 1, 1, 2]:PlaceOnConveyor:1;
[ 0, 2, 0, 2]:Pick:1;
[ 3, 2, 3, 2]:InspectAfterPicking:1;
[ 1, 0, 1, 2]:PlaceInBin:1;
[ 2, 2, 2, 2]:ClaimNewOnion:1;
[ 0, 2, 2, 2]:Pick:1;
[ 3, 2, 3, 2]:InspectAfterPicking:1;
[ 1, 1, 1, 2]:PlaceOnConveyor:1;
[ 0, 2, 0, 2]:Pick:1;
[ 3, 2, 3, 2]:InspectAfterPicking:1;
[ 3, 2, 3, 2]:InspectAfterPicking:1;
[ 1, 0, 1, 2]:PlaceInBin:1;
[ 2, 2, 2, 2]:ClaimNewOnion:1;
[ 0, 2, 2, 2]:Pick:1;
[ 3, 2, 3, 2]:InspectAfterPicking:1;
[ 1, 1, 1, 2]:PlaceOnConveyor:1;
[ 0, 2, 0, 2]:Pick:1;
ENDTRAJ
[ 0, 1, 2, 0]:InspectWithoutPicking:1;
[ 0, 0, 2, 1]:Pick:1;
[ 3, 0, 3, 1]:PlaceInBin:1;
[ 2, 2, 2, 1]:ClaimNextInList:1;
[ 0, 0, 2, 1]:Pick:1;
[ 3, 0, 3, 1]:PlaceInBin:1;
[ 3, 0, 3, 1]:PlaceInBin:1;
[ 2, 2, 2, 1]:ClaimNextInList:1;
[ 0, 0, 2, 1]:Pick:1;
[ 3, 0, 3, 1]:PlaceInBin:1;
[ 2, 2, 2, 0]:InspectWithoutPicking:1;
[ 2, 2, 2, 0]:InspectWithoutPicking:1;
[ 0, 0, 2, 1]:Pick:1;
[ 3, 0, 3, 1]:PlaceInBin:1;
[ 2, 2, 2, 1]:ClaimNextInList:1;
[ 0, 0, 2, 1]:Pick:1;
[ 3, 0, 3, 1]:PlaceInBin:1;
[ 2, 2, 2, 1]:ClaimNextInList:1;
[ 0, 0, 2, 1]:Pick:1;
[ 3, 0, 3, 1]:PlaceInBin:1;
[ 2, 2, 2, 1]:ClaimNextInList:1;
[ 0, 0, 2, 1]:Pick:1;
[ 3, 0, 3, 1]:PlaceInBin:1;
[ 2, 2, 2, 0]:InspectWithoutPicking:1;
[ 0, 0, 2, 1]:Pick:1;
[ 3, 0, 3, 1]:PlaceInBin:1;
[ 2, 2, 2, 1]:ClaimNextInList:1;
[ 0, 0, 2, 1]:Pick:1;
[ 3, 0, 3, 1]:PlaceInBin:1;
[ 2, 2, 2, 0]:InspectWithoutPicking:1;
[ 0, 0, 2, 1]:Pick:1;
[ 3, 0, 3, 1]:PlaceInBin:1;
[ 2, 2, 2, 0]:InspectWithoutPicking:1;
[ 0, 0, 2, 1]:Pick:1;
[ 3, 0, 3, 1]:PlaceInBin:1;
[ 2, 2, 2, 0]:InspectWithoutPicking:1;
[ 0, 2, 2, 0]:Pick:1;
[ 3, 2, 3, 0]:InspectAfterPicking:1;
[ 1, 1, 1, 2]:PlaceOnConveyor:1;
[ 0, 2, 0, 2]:Pick:1;
[ 3, 2, 3, 2]:InspectAfterPicking:1;
[ 1, 0, 1, 2]:PlaceInBin:1;
[ 2, 2, 2, 2]:ClaimNewOnion:1;
[ 0, 2, 2, 2]:Pick:1;
[ 3, 2, 3, 2]:InspectAfterPicking:1;
[ 1, 1, 1, 2]:PlaceOnConveyor:1;
[ 0, 2, 0, 2]:Pick:1;
[ 3, 2, 3, 2]:InspectAfterPicking:1;
[ 1, 1, 1, 2]:PlaceOnConveyor:1;
[ 0, 2, 0, 2]:Pick:1;
ENDTRAJ
[ 0, 1, 0, 0]:Pick:1;
[ 3, 1, 3, 0]:PlaceOnConveyor:1;
[ 0, 2, 0, 2]:Pick:1;
[ 3, 2, 3, 2]:InspectAfterPicking:1;
[ 1, 1, 1, 2]:PlaceOnConveyor:1;
[ 0, 2, 0, 2]:Pick:1;
[ 3, 2, 3, 2]:InspectAfterPicking:1;
[ 1, 1, 1, 2]:PlaceOnConveyor:1;
[ 0, 2, 0, 2]:Pick:1;
[ 3, 2, 3, 2]:InspectAfterPicking:1;
[ 1, 0, 1, 2]:PlaceInBin:1;
[ 2, 2, 2, 2]:ClaimNewOnion:1;
[ 0, 2, 2, 2]:Pick:1;
[ 3, 2, 3, 2]:InspectAfterPicking:1;
[ 1, 0, 1, 2]:PlaceInBin:1;
[ 2, 2, 2, 2]:ClaimNewOnion:1;
[ 0, 2, 2, 2]:Pick:1;
[ 3, 2, 3, 2]:InspectAfterPicking:1;
[ 1, 0, 1, 2]:PlaceInBin:1;
[ 2, 2, 2, 2]:ClaimNewOnion:1;
[ 0, 2, 2, 2]:Pick:1;
[ 3, 2, 3, 2]:InspectAfterPicking:1;
[ 1, 1, 1, 2]:PlaceOnConveyor:1;
[ 0, 2, 0, 2]:Pick:1;
[ 3, 2, 3, 2]:InspectAfterPicking:1;
[ 1, 0, 1, 2]:PlaceInBin:1;
[ 2, 2, 2, 2]:ClaimNewOnion:1;
[ 0, 2, 2, 2]:Pick:1;
[ 3, 2, 3, 2]:InspectAfterPicking:1;
[ 1, 1, 1, 2]:PlaceOnConveyor:1;
[ 1, 1, 1, 2]:PlaceOnConveyor:1;
[ 0, 2, 0, 2]:Pick:1;
[ 3, 2, 3, 2]:InspectAfterPicking:1;
[ 1, 0, 1, 2]:PlaceInBin:1;
[ 2, 2, 2, 2]:ClaimNewOnion:1;
[ 0, 2, 2, 2]:Pick:1;
[ 3, 2, 3, 2]:InspectAfterPicking:1;
[ 1, 0, 1, 2]:PlaceInBin:1;
[ 2, 2, 2, 2]:ClaimNewOnion:1;
[ 0, 2, 2, 2]:Pick:1;
[ 3, 2, 3, 2]:InspectAfterPicking:1;
[ 1, 0, 1, 2]:PlaceInBin:1;
[ 2, 2, 2, 2]:ClaimNewOnion:1;
[ 0, 2, 2, 2]:Pick:1;
[ 3, 2, 3, 2]:InspectAfterPicking:1;
[ 1, 0, 1, 2]:PlaceInBin:1;
[ 2, 2, 2, 2]:ClaimNewOnion:1;
[ 0, 2, 2, 2]:Pick:1;
[ 3, 2, 3, 2]:InspectAfterPicking:1;
[ 1, 0, 1, 2]:PlaceInBin:1;
ENDTRAJ
[ 0, 1, 0, 0]:Pick:1;
[ 3, 1, 3, 0]:PlaceOnConveyor:1;
[ 3, 1, 3, 0]:PlaceOnConveyor:1;
[ 0, 2, 0, 2]:Pick:1;
[ 3, 2, 3, 2]:InspectAfterPicking:1;
[ 1, 1, 1, 2]:PlaceOnConveyor:1;
[ 0, 2, 0, 2]:Pick:1;
[ 3, 2, 3, 2]:InspectAfterPicking:1;
[ 1, 1, 1, 2]:PlaceOnConveyor:1;
[ 0, 2, 0, 2]:Pick:1;
[ 3, 2, 3, 2]:InspectAfterPicking:1;
[ 1, 1, 1, 2]:PlaceOnConveyor:1;
[ 0, 2, 0, 2]:Pick:1;
[ 3, 2, 3, 2]:InspectAfterPicking:1;
[ 1, 1, 1, 2]:PlaceOnConveyor:1;
[ 0, 2, 0, 2]:Pick:1;
[ 3, 2, 3, 2]:InspectAfterPicking:1;
[ 1, 1, 1, 2]:PlaceOnConveyor:1;
[ 0, 2, 0, 2]:Pick:1;
[ 3, 2, 3, 2]:InspectAfterPicking:1;
[ 1, 1, 1, 2]:PlaceOnConveyor:1;
[ 0, 2, 0, 2]:Pick:1;
[ 3, 2, 3, 2]:InspectAfterPicking:1;
[ 1, 1, 1, 2]:PlaceOnConveyor:1;
[ 0, 2, 0, 2]:Pick:1;
[ 3, 2, 3, 2]:InspectAfterPicking:1;
[ 1, 0, 1, 2]:PlaceInBin:1;
[ 2, 2, 2, 2]:ClaimNewOnion:1;
[ 0, 2, 2, 2]:Pick:1;
[ 3, 2, 3, 2]:InspectAfterPicking:1;
[ 1, 1, 1, 2]:PlaceOnConveyor:1;
[ 0, 2, 0, 2]:Pick:1;
[ 3, 2, 3, 2]:InspectAfterPicking:1;
[ 1, 1, 1, 2]:PlaceOnConveyor:1;
[ 0, 2, 0, 2]:Pick:1;
[ 3, 2, 3, 2]:InspectAfterPicking:1;
[ 1, 1, 1, 2]:PlaceOnConveyor:1;
[ 0, 2, 0, 2]:Pick:1;
[ 3, 2, 3, 2]:InspectAfterPicking:1;
[ 1, 1, 1, 2]:PlaceOnConveyor:1;
[ 0, 2, 0, 2]:Pick:1;
[ 3, 2, 3, 2]:InspectAfterPicking:1;
[ 1, 1, 1, 2]:PlaceOnConveyor:1;
[ 0, 2, 0, 2]:Pick:1;
[ 3, 2, 3, 2]:InspectAfterPicking:1;
[ 1, 0, 1, 2]:PlaceInBin:1;
[ 2, 2, 2, 2]:ClaimNewOnion:1;
[ 0, 2, 2, 2]:Pick:1;
[ 3, 2, 3, 2]:InspectAfterPicking:1;
[ 1, 1, 1, 2]:PlaceOnConveyor:1;
ENDTRAJ
[ 0, 1, 2, 0]:InspectWithoutPicking:1;
[ 0, 0, 2, 1]:Pick:1;
[ 3, 0, 3, 1]:PlaceInBin:1;
[ 2, 2, 2, 1]:ClaimNextInList:1;
[ 0, 0, 2, 1]:Pick:1;
[ 3, 0, 3, 1]:PlaceInBin:1;
[ 2, 2, 2, 0]:InspectWithoutPicking:1;
[ 0, 0, 2, 1]:Pick:1;
[ 3, 0, 3, 1]:PlaceInBin:1;
[ 2, 2, 2, 0]:InspectWithoutPicking:1;
[ 0, 0, 2, 1]:Pick:1;
[ 3, 0, 3, 1]:PlaceInBin:1;
[ 2, 2, 2, 1]:ClaimNextInList:1;
[ 0, 0, 2, 1]:Pick:1;
[ 3, 0, 3, 1]:PlaceInBin:1;
[ 2, 2, 2, 0]:InspectWithoutPicking:1;
[ 0, 0, 2, 1]:Pick:1;
[ 3, 0, 3, 1]:PlaceInBin:1;
[ 2, 2, 2, 0]:InspectWithoutPicking:1;
[ 0, 0, 2, 1]:Pick:1;
[ 3, 0, 3, 1]:PlaceInBin:1;
[ 2, 2, 2, 1]:ClaimNextInList:1;
[ 0, 0, 2, 1]:Pick:1;
[ 3, 0, 3, 1]:PlaceInBin:1;
[ 2, 2, 2, 0]:InspectWithoutPicking:1;
[ 0, 0, 2, 1]:Pick:1;
[ 3, 0, 3, 1]:PlaceInBin:1;
[ 2, 2, 2, 1]:ClaimNextInList:1;
[ 0, 0, 2, 1]:Pick:1;
[ 3, 0, 3, 1]:PlaceInBin:1;
[ 2, 2, 2, 0]:InspectWithoutPicking:1;
[ 0, 0, 2, 1]:Pick:1;
[ 3, 0, 3, 1]:PlaceInBin:1;
[ 2, 2, 2, 0]:InspectWithoutPicking:1;
[ 0, 0, 2, 1]:Pick:1;
[ 3, 0, 3, 1]:PlaceInBin:1;
[ 2, 2, 2, 1]:ClaimNextInList:1;
[ 0, 0, 2, 1]:Pick:1;
[ 3, 0, 3, 1]:PlaceInBin:1;
[ 2, 2, 2, 1]:ClaimNextInList:1;
[ 0, 0, 2, 1]:Pick:1;
[ 3, 0, 3, 1]:PlaceInBin:1;
[ 2, 2, 2, 0]:InspectWithoutPicking:1;
[ 0, 0, 2, 1]:Pick:1;
[ 3, 0, 3, 1]:PlaceInBin:1;
[ 2, 2, 2, 0]:InspectWithoutPicking:1;
[ 0, 0, 2, 1]:Pick:1;
[ 3, 0, 3, 1]:PlaceInBin:1;
[ 2, 2, 2, 0]:InspectWithoutPicking:1;
[ 0, 0, 2, 1]:Pick:1;
ENDTRAJ
[ 0, 2, 2, 0]:Pick:1;
[ 3, 2, 3, 0]:InspectAfterPicking:1;
[ 1, 0, 1, 2]:PlaceInBin:1;
[ 2, 2, 2, 2]:ClaimNewOnion:1;
[ 0, 2, 2, 2]:Pick:1;
[ 3, 2, 3, 2]:InspectAfterPicking:1;
[ 1, 0, 1, 2]:PlaceInBin:1;
[ 2, 2, 2, 2]:ClaimNewOnion:1;
[ 0, 2, 2, 2]:Pick:1;
[ 3, 2, 3, 2]:InspectAfterPicking:1;
[ 1, 1, 1, 2]:PlaceOnConveyor:1;
[ 0, 2, 0, 2]:Pick:1;
[ 3, 2, 3, 2]:InspectAfterPicking:1;
[ 1, 1, 1, 2]:PlaceOnConveyor:1;
[ 0, 2, 0, 2]:Pick:1;
[ 3, 2, 3, 2]:InspectAfterPicking:1;
[ 1, 1, 1, 2]:PlaceOnConveyor:1;
[ 0, 2, 0, 2]:Pick:1;
[ 3, 2, 3, 2]:InspectAfterPicking:1;
[ 1, 0, 1, 2]:PlaceInBin:1;
[ 2, 2, 2, 2]:ClaimNewOnion:1;
[ 0, 2, 2, 2]:Pick:1;
[ 3, 2, 3, 2]:InspectAfterPicking:1;
[ 1, 1, 1, 2]:PlaceOnConveyor:1;
[ 0, 2, 0, 2]:Pick:1;
[ 3, 2, 3, 2]:InspectAfterPicking:1;
[ 1, 1, 1, 2]:PlaceOnConveyor:1;
[ 0, 2, 0, 2]:Pick:1;
[ 3, 2, 3, 2]:InspectAfterPicking:1;
[ 1, 0, 1, 2]:PlaceInBin:1;
[ 2, 2, 2, 2]:ClaimNewOnion:1;
[ 0, 2, 2, 2]:Pick:1;
[ 0, 2, 2, 2]:Pick:1;
[ 3, 2, 3, 2]:InspectAfterPicking:1;
[ 1, 1, 1, 2]:PlaceOnConveyor:1;
[ 0, 2, 0, 2]:Pick:1;
[ 3, 2, 3, 2]:InspectAfterPicking:1;
[ 1, 0, 1, 2]:PlaceInBin:1;
[ 2, 2, 2, 2]:ClaimNewOnion:1;
[ 0, 2, 2, 2]:Pick:1;
[ 3, 2, 3, 2]:InspectAfterPicking:1;
[ 1, 1, 1, 2]:PlaceOnConveyor:1;
[ 0, 2, 0, 2]:Pick:1;
[ 3, 2, 3, 2]:InspectAfterPicking:1;
[ 1, 0, 1, 2]:PlaceInBin:1;
[ 2, 2, 2, 2]:ClaimNewOnion:1;
[ 0, 2, 2, 2]:Pick:1;
[ 3, 2, 3, 2]:InspectAfterPicking:1;
[ 1, 1, 1, 2]:PlaceOnConveyor:1;
[ 0, 2, 0, 2]:Pick:1;
ENDTRAJ
[ 0, 2, 2, 0]:Pick:1;
[ 3, 2, 3, 0]:InspectAfterPicking:1;
[ 1, 0, 1, 2]:PlaceInBin:1;
[ 2, 2, 2, 2]:ClaimNewOnion:1;
[ 0, 2, 2, 2]:Pick:1;
[ 3, 2, 3, 2]:InspectAfterPicking:1;
[ 1, 1, 1, 2]:PlaceOnConveyor:1;
[ 0, 2, 0, 2]:Pick:1;
[ 3, 2, 3, 2]:InspectAfterPicking:1;
[ 1, 1, 1, 2]:PlaceOnConveyor:1;
[ 0, 2, 0, 2]:Pick:1;
[ 3, 2, 3, 2]:InspectAfterPicking:1;
[ 1, 0, 1, 2]:PlaceInBin:1;
[ 2, 2, 2, 2]:ClaimNewOnion:1;
[ 0, 2, 2, 2]:Pick:1;
[ 3, 2, 3, 2]:InspectAfterPicking:1;
[ 1, 1, 1, 2]:PlaceOnConveyor:1;
[ 0, 2, 0, 2]:Pick:1;
[ 3, 2, 3, 2]:InspectAfterPicking:1;
[ 1, 0, 1, 2]:PlaceInBin:1;
[ 2, 2, 2, 2]:ClaimNewOnion:1;
[ 0, 2, 2, 2]:Pick:1;
[ 3, 2, 3, 2]:InspectAfterPicking:1;
[ 1, 1, 1, 2]:PlaceOnConveyor:1;
[ 0, 2, 0, 2]:Pick:1;
[ 3, 2, 3, 2]:InspectAfterPicking:1;
[ 1, 0, 1, 2]:PlaceInBin:1;
[ 2, 2, 2, 2]:ClaimNewOnion:1;
[ 0, 2, 2, 2]:Pick:1;
[ 3, 2, 3, 2]:InspectAfterPicking:1;
[ 1, 0, 1, 2]:PlaceInBin:1;
[ 2, 2, 2, 2]:ClaimNewOnion:1;
[ 0, 2, 2, 2]:Pick:1;
[ 3, 2, 3, 2]:InspectAfterPicking:1;
[ 3, 2, 3, 2]:InspectAfterPicking:1;
[ 1, 1, 1, 2]:PlaceOnConveyor:1;
[ 0, 2, 0, 2]:Pick:1;
[ 3, 2, 3, 2]:InspectAfterPicking:1;
[ 1, 0, 1, 2]:PlaceInBin:1;
[ 1, 0, 1, 2]:PlaceInBin:1;
[ 1, 0, 1, 2]:PlaceInBin:1;
[ 1, 0, 1, 2]:PlaceInBin:1;
[ 2, 2, 2, 2]:ClaimNewOnion:1;
[ 0, 2, 2, 2]:Pick:1;
[ 3, 2, 3, 2]:InspectAfterPicking:1;
[ 1, 0, 1, 2]:PlaceInBin:1;
[ 2, 2, 2, 2]:ClaimNewOnion:1;
[ 0, 2, 2, 2]:Pick:1;
[ 3, 2, 3, 2]:InspectAfterPicking:1;
[ 1, 0, 1, 2]:PlaceInBin:1;
ENDTRAJ
[ 0, 1, 0, 0]:Pick:1;
[ 3, 1, 3, 0]:PlaceOnConveyor:1;
[ 0, 2, 0, 2]:Pick:1;
[ 3, 2, 3, 2]:InspectAfterPicking:1;
[ 1, 1, 1, 2]:PlaceOnConveyor:1;
[ 0, 2, 0, 2]:Pick:1;
[ 3, 2, 3, 2]:InspectAfterPicking:1;
[ 1, 0, 1, 2]:PlaceInBin:1;
[ 2, 2, 2, 2]:ClaimNewOnion:1;
[ 0, 2, 2, 2]:Pick:1;
[ 3, 2, 3, 2]:InspectAfterPicking:1;
[ 1, 1, 1, 2]:PlaceOnConveyor:1;
[ 0, 2, 0, 2]:Pick:1;
[ 3, 2, 3, 2]:InspectAfterPicking:1;
[ 1, 1, 1, 2]:PlaceOnConveyor:1;
[ 0, 2, 0, 2]:Pick:1;
[ 3, 2, 3, 2]:InspectAfterPicking:1;
[ 1, 0, 1, 2]:PlaceInBin:1;
[ 2, 2, 2, 2]:ClaimNewOnion:1;
[ 0, 2, 2, 2]:Pick:1;
[ 3, 2, 3, 2]:InspectAfterPicking:1;
[ 1, 0, 1, 2]:PlaceInBin:1;
[ 2, 2, 2, 2]:ClaimNewOnion:1;
[ 0, 2, 2, 2]:Pick:1;
[ 3, 2, 3, 2]:InspectAfterPicking:1;
[ 3, 2, 3, 2]:InspectAfterPicking:1;
[ 3, 2, 3, 2]:InspectAfterPicking:1;
[ 3, 2, 3, 2]:InspectAfterPicking:1;
[ 1, 1, 1, 2]:PlaceOnConveyor:1;
[ 0, 2, 0, 2]:Pick:1;
[ 3, 2, 3, 2]:InspectAfterPicking:1;
[ 1, 1, 1, 2]:PlaceOnConveyor:1;
[ 0, 2, 0, 2]:Pick:1;
[ 3, 2, 3, 2]:InspectAfterPicking:1;
[ 1, 0, 1, 2]:PlaceInBin:1;
[ 2, 2, 2, 2]:ClaimNewOnion:1;
[ 0, 2, 2, 2]:Pick:1;
[ 3, 2, 3, 2]:InspectAfterPicking:1;
[ 1, 1, 1, 2]:PlaceOnConveyor:1;
[ 0, 2, 0, 2]:Pick:1;
[ 3, 2, 3, 2]:InspectAfterPicking:1;
[ 1, 0, 1, 2]:PlaceInBin:1;
[ 2, 2, 2, 2]:ClaimNewOnion:1;
[ 0, 2, 2, 2]:Pick:1;
[ 3, 2, 3, 2]:InspectAfterPicking:1;
[ 1, 0, 1, 2]:PlaceInBin:1;
[ 2, 2, 2, 2]:ClaimNewOnion:1;
[ 0, 2, 2, 2]:Pick:1;
[ 3, 2, 3, 2]:InspectAfterPicking:1;
[ 1, 0, 1, 2]:PlaceInBin:1;
ENDTRAJ
[ 0, 2, 0, 0]:Pick:1;
[ 0, 2, 0, 0]:Pick:1;
[ 3, 2, 3, 0]:InspectAfterPicking:1;
[ 1, 1, 1, 2]:PlaceOnConveyor:1;
[ 0, 2, 0, 2]:Pick:1;
[ 3, 2, 3, 2]:InspectAfterPicking:1;
[ 1, 0, 1, 2]:PlaceInBin:1;
[ 2, 2, 2, 2]:ClaimNewOnion:1;
[ 0, 2, 2, 2]:Pick:1;
[ 0, 2, 2, 2]:Pick:1;
[ 3, 2, 3, 2]:InspectAfterPicking:1;
[ 1, 0, 1, 2]:PlaceInBin:1;
[ 2, 2, 2, 2]:ClaimNewOnion:1;
[ 0, 2, 2, 2]:Pick:1;
[ 3, 2, 3, 2]:InspectAfterPicking:1;
[ 1, 0, 1, 2]:PlaceInBin:1;
[ 2, 2, 2, 2]:ClaimNewOnion:1;
[ 0, 2, 2, 2]:Pick:1;
[ 3, 2, 3, 2]:InspectAfterPicking:1;
[ 1, 0, 1, 2]:PlaceInBin:1;
[ 2, 2, 2, 2]:ClaimNewOnion:1;
[ 0, 2, 2, 2]:Pick:1;
[ 3, 2, 3, 2]:InspectAfterPicking:1;
[ 1, 1, 1, 2]:PlaceOnConveyor:1;
[ 0, 2, 0, 2]:Pick:1;
[ 3, 2, 3, 2]:InspectAfterPicking:1;
[ 1, 1, 1, 2]:PlaceOnConveyor:1;
[ 0, 2, 0, 2]:Pick:1;
[ 0, 2, 0, 2]:Pick:1;
[ 3, 2, 3, 2]:InspectAfterPicking:1;
[ 1, 0, 1, 2]:PlaceInBin:1;
[ 2, 2, 2, 2]:ClaimNewOnion:1;
[ 0, 2, 2, 2]:Pick:1;
[ 3, 2, 3, 2]:InspectAfterPicking:1;
[ 1, 0, 1, 2]:PlaceInBin:1;
[ 2, 2, 2, 2]:ClaimNewOnion:1;
[ 0, 2, 2, 2]:Pick:1;
[ 0, 2, 2, 2]:Pick:1;
[ 3, 2, 3, 2]:InspectAfterPicking:1;
[ 1, 1, 1, 2]:PlaceOnConveyor:1;
[ 0, 2, 0, 2]:Pick:1;
[ 3, 2, 3, 2]:InspectAfterPicking:1;
[ 3, 2, 3, 2]:InspectAfterPicking:1;
[ 1, 0, 1, 2]:PlaceInBin:1;
[ 2, 2, 2, 2]:ClaimNewOnion:1;
[ 2, 2, 2, 2]:ClaimNewOnion:1;
[ 0, 2, 2, 2]:Pick:1;
[ 3, 2, 3, 2]:InspectAfterPicking:1;
[ 1, 1, 1, 2]:PlaceOnConveyor:1;
[ 0, 2, 0, 2]:Pick:1;
ENDTRAJ
[ 0, 2, 2, 0]:Pick:1;
[ 3, 2, 3, 0]:InspectAfterPicking:1;
[ 1, 0, 1, 2]:PlaceInBin:1;
[ 2, 2, 2, 2]:ClaimNewOnion:1;
[ 0, 2, 2, 2]:Pick:1;
[ 3, 2, 3, 2]:InspectAfterPicking:1;
[ 1, 0, 1, 2]:PlaceInBin:1;
[ 2, 2, 2, 2]:ClaimNewOnion:1;
[ 0, 2, 2, 2]:Pick:1;
[ 3, 2, 3, 2]:InspectAfterPicking:1;
[ 1, 0, 1, 2]:PlaceInBin:1;
[ 2, 2, 2, 2]:ClaimNewOnion:1;
[ 0, 2, 2, 2]:Pick:1;
[ 0, 2, 2, 2]:Pick:1;
[ 3, 2, 3, 2]:InspectAfterPicking:1;
[ 1, 1, 1, 2]:PlaceOnConveyor:1;
[ 0, 2, 0, 2]:Pick:1;
[ 3, 2, 3, 2]:InspectAfterPicking:1;
[ 1, 0, 1, 2]:PlaceInBin:1;
[ 2, 2, 2, 2]:ClaimNewOnion:1;
[ 0, 2, 2, 2]:Pick:1;
[ 3, 2, 3, 2]:InspectAfterPicking:1;
[ 1, 0, 1, 2]:PlaceInBin:1;
[ 2, 2, 2, 2]:ClaimNewOnion:1;
[ 0, 2, 2, 2]:Pick:1;
[ 3, 2, 3, 2]:InspectAfterPicking:1;
[ 1, 0, 1, 2]:PlaceInBin:1;
[ 2, 2, 2, 2]:ClaimNewOnion:1;
[ 0, 2, 2, 2]:Pick:1;
[ 3, 2, 3, 2]:InspectAfterPicking:1;
[ 1, 0, 1, 2]:PlaceInBin:1;
[ 1, 0, 1, 2]:PlaceInBin:1;
[ 2, 2, 2, 2]:ClaimNewOnion:1;
[ 0, 2, 2, 2]:Pick:1;
[ 3, 2, 3, 2]:InspectAfterPicking:1;
[ 1, 1, 1, 2]:PlaceOnConveyor:1;
[ 0, 2, 0, 2]:Pick:1;
[ 3, 2, 3, 2]:InspectAfterPicking:1;
[ 3, 2, 3, 2]:InspectAfterPicking:1;
[ 1, 1, 1, 2]:PlaceOnConveyor:1;
[ 0, 2, 0, 2]:Pick:1;
[ 3, 2, 3, 2]:InspectAfterPicking:1;
[ 1, 1, 1, 2]:PlaceOnConveyor:1;
[ 0, 2, 0, 2]:Pick:1;
[ 3, 2, 3, 2]:InspectAfterPicking:1;
[ 1, 0, 1, 2]:PlaceInBin:1;
[ 2, 2, 2, 2]:ClaimNewOnion:1;
[ 0, 2, 2, 2]:Pick:1;
[ 3, 2, 3, 2]:InspectAfterPicking:1;
[ 1, 0, 1, 2]:PlaceInBin:1;
ENDTRAJ
[ 0, 2, 3, 0]:Pick:1;
[ 3, 2, 3, 0]:InspectAfterPicking:1;
[ 1, 1, 1, 2]:PlaceOnConveyor:1;
[ 0, 2, 0, 2]:Pick:1;
[ 3, 2, 3, 2]:InspectAfterPicking:1;
[ 1, 1, 1, 2]:PlaceOnConveyor:1;
[ 0, 2, 0, 2]:Pick:1;
[ 3, 2, 3, 2]:InspectAfterPicking:1;
[ 1, 1, 1, 2]:PlaceOnConveyor:1;
[ 0, 2, 0, 2]:Pick:1;
[ 3, 2, 3, 2]:InspectAfterPicking:1;
[ 1, 0, 1, 2]:PlaceInBin:1;
[ 2, 2, 2, 2]:ClaimNewOnion:1;
[ 0, 2, 2, 2]:Pick:1;
[ 3, 2, 3, 2]:InspectAfterPicking:1;
[ 1, 0, 1, 2]:PlaceInBin:1;
[ 2, 2, 2, 2]:ClaimNewOnion:1;
[ 0, 2, 2, 2]:Pick:1;
[ 3, 2, 3, 2]:InspectAfterPicking:1;
[ 1, 1, 1, 2]:PlaceOnConveyor:1;
[ 0, 2, 0, 2]:Pick:1;
[ 0, 2, 0, 2]:Pick:1;
[ 3, 2, 3, 2]:InspectAfterPicking:1;
[ 1, 0, 1, 2]:PlaceInBin:1;
[ 2, 2, 2, 2]:ClaimNewOnion:1;
[ 2, 2, 2, 2]:ClaimNewOnion:1;
[ 0, 2, 2, 2]:Pick:1;
[ 3, 2, 3, 2]:InspectAfterPicking:1;
[ 1, 0, 1, 2]:PlaceInBin:1;
[ 1, 0, 1, 2]:PlaceInBin:1;
[ 2, 2, 2, 2]:ClaimNewOnion:1;
[ 0, 2, 2, 2]:Pick:1;
[ 3, 2, 3, 2]:InspectAfterPicking:1;
[ 1, 1, 1, 2]:PlaceOnConveyor:1;
[ 0, 2, 0, 2]:Pick:1;
[ 3, 2, 3, 2]:InspectAfterPicking:1;
[ 1, 0, 1, 2]:PlaceInBin:1;
[ 2, 2, 2, 2]:ClaimNewOnion:1;
[ 0, 2, 2, 2]:Pick:1;
[ 3, 2, 3, 2]:InspectAfterPicking:1;
[ 1, 1, 1, 2]:PlaceOnConveyor:1;
[ 0, 2, 0, 2]:Pick:1;
[ 3, 2, 3, 2]:InspectAfterPicking:1;
[ 1, 1, 1, 2]:PlaceOnConveyor:1;
[ 0, 2, 0, 2]:Pick:1;
[ 3, 2, 3, 2]:InspectAfterPicking:1;
[ 1, 1, 1, 2]:PlaceOnConveyor:1;
[ 0, 2, 0, 2]:Pick:1;
[ 3, 2, 3, 2]:InspectAfterPicking:1;
[ 1, 1, 1, 2]:PlaceOnConveyor:1;
ENDTRAJ
[ 0, 1, 1, 0]:Pick:1;
[ 3, 1, 3, 0]:PlaceOnConveyor:1;
[ 0, 2, 0, 2]:Pick:1;
[ 3, 2, 3, 2]:InspectAfterPicking:1;
[ 1, 1, 1, 2]:PlaceOnConveyor:1;
[ 0, 2, 0, 2]:Pick:1;
[ 3, 2, 3, 2]:InspectAfterPicking:1;
[ 1, 0, 1, 2]:PlaceInBin:1;
[ 2, 2, 2, 2]:ClaimNewOnion:1;
[ 2, 2, 2, 2]:ClaimNewOnion:1;
[ 0, 2, 2, 2]:Pick:1;
[ 3, 2, 3, 2]:InspectAfterPicking:1;
[ 1, 1, 1, 2]:PlaceOnConveyor:1;
[ 0, 2, 0, 2]:Pick:1;
[ 3, 2, 3, 2]:InspectAfterPicking:1;
[ 1, 0, 1, 2]:PlaceInBin:1;
[ 2, 2, 2, 2]:ClaimNewOnion:1;
[ 0, 2, 2, 2]:Pick:1;
[ 3, 2, 3, 2]:InspectAfterPicking:1;
[ 1, 0, 1, 2]:PlaceInBin:1;
[ 2, 2, 2, 2]:ClaimNewOnion:1;
[ 0, 2, 2, 2]:Pick:1;
[ 3, 2, 3, 2]:InspectAfterPicking:1;
[ 1, 1, 1, 2]:PlaceOnConveyor:1;
[ 0, 2, 0, 2]:Pick:1;
[ 3, 2, 3, 2]:InspectAfterPicking:1;
[ 1, 1, 1, 2]:PlaceOnConveyor:1;
[ 0, 2, 0, 2]:Pick:1;
[ 3, 2, 3, 2]:InspectAfterPicking:1;
[ 1, 1, 1, 2]:PlaceOnConveyor:1;
[ 0, 2, 0, 2]:Pick:1;
[ 3, 2, 3, 2]:InspectAfterPicking:1;
[ 1, 1, 1, 2]:PlaceOnConveyor:1;
[ 0, 2, 0, 2]:Pick:1;
[ 3, 2, 3, 2]:InspectAfterPicking:1;
[ 1, 0, 1, 2]:PlaceInBin:1;
[ 1, 0, 1, 2]:PlaceInBin:1;
[ 2, 2, 2, 2]:ClaimNewOnion:1;
[ 0, 2, 2, 2]:Pick:1;
[ 3, 2, 3, 2]:InspectAfterPicking:1;
[ 1, 1, 1, 2]:PlaceOnConveyor:1;
[ 0, 2, 0, 2]:Pick:1;
[ 3, 2, 3, 2]:InspectAfterPicking:1;
[ 1, 0, 1, 2]:PlaceInBin:1;
[ 2, 2, 2, 2]:ClaimNewOnion:1;
[ 0, 2, 2, 2]:Pick:1;
[ 3, 2, 3, 2]:InspectAfterPicking:1;
[ 1, 1, 1, 2]:PlaceOnConveyor:1;
[ 0, 2, 0, 2]:Pick:1;
[ 3, 2, 3, 2]:InspectAfterPicking:1;
ENDTRAJ
[ 0, 2, 2, 0]:Pick:1;
[ 3, 2, 3, 0]:InspectAfterPicking:1;
[ 1, 1, 1, 2]:PlaceOnConveyor:1;
[ 0, 2, 0, 2]:Pick:1;
[ 3, 2, 3, 2]:InspectAfterPicking:1;
[ 1, 0, 1, 2]:PlaceInBin:1;
[ 2, 2, 2, 2]:ClaimNewOnion:1;
[ 0, 2, 2, 2]:Pick:1;
[ 3, 2, 3, 2]:InspectAfterPicking:1;
[ 1, 1, 1, 2]:PlaceOnConveyor:1;
[ 0, 2, 0, 2]:Pick:1;
[ 3, 2, 3, 2]:InspectAfterPicking:1;
[ 1, 1, 1, 2]:PlaceOnConveyor:1;
[ 0, 2, 0, 2]:Pick:1;
[ 3, 2, 3, 2]:InspectAfterPicking:1;
[ 1, 1, 1, 2]:PlaceOnConveyor:1;
[ 0, 2, 0, 2]:Pick:1;
[ 3, 2, 3, 2]:InspectAfterPicking:1;
[ 1, 0, 1, 2]:PlaceInBin:1;
[ 2, 2, 2, 2]:ClaimNewOnion:1;
[ 0, 2, 2, 2]:Pick:1;
[ 3, 2, 3, 2]:InspectAfterPicking:1;
[ 1, 1, 1, 2]:PlaceOnConveyor:1;
[ 0, 2, 0, 2]:Pick:1;
[ 3, 2, 3, 2]:InspectAfterPicking:1;
[ 1, 0, 1, 2]:PlaceInBin:1;
[ 2, 2, 2, 2]:ClaimNewOnion:1;
[ 0, 2, 2, 2]:Pick:1;
[ 3, 2, 3, 2]:InspectAfterPicking:1;
[ 1, 0, 1, 2]:PlaceInBin:1;
[ 2, 2, 2, 2]:ClaimNewOnion:1;
[ 0, 2, 2, 2]:Pick:1;
[ 3, 2, 3, 2]:InspectAfterPicking:1;
[ 1, 1, 1, 2]:PlaceOnConveyor:1;
[ 0, 2, 0, 2]:Pick:1;
[ 3, 2, 3, 2]:InspectAfterPicking:1;
[ 1, 1, 1, 2]:PlaceOnConveyor:1;
[ 0, 2, 0, 2]:Pick:1;
[ 3, 2, 3, 2]:InspectAfterPicking:1;
[ 1, 0, 1, 2]:PlaceInBin:1;
[ 2, 2, 2, 2]:ClaimNewOnion:1;
[ 0, 2, 2, 2]:Pick:1;
[ 3, 2, 3, 2]:InspectAfterPicking:1;
[ 1, 1, 1, 2]:PlaceOnConveyor:1;
[ 0, 2, 0, 2]:Pick:1;
[ 3, 2, 3, 2]:InspectAfterPicking:1;
[ 1, 1, 1, 2]:PlaceOnConveyor:1;
[ 0, 2, 0, 2]:Pick:1;
[ 3, 2, 3, 2]:InspectAfterPicking:1;
[ 1, 1, 1, 2]:PlaceOnConveyor:1;
ENDTRAJ
[ 0, 1, 1, 0]:InspectWithoutPicking:1;
[ 0, 0, 1, 1]:Pick:1;
[ 3, 0, 3, 1]:PlaceInBin:1;
[ 2, 2, 2, 0]:InspectWithoutPicking:1;
[ 0, 2, 2, 0]:InspectWithoutPicking:1;
[ 0, 0, 2, 1]:Pick:1;
[ 3, 0, 3, 1]:PlaceInBin:1;
[ 2, 2, 2, 1]:ClaimNextInList:1;
[ 0, 0, 2, 1]:Pick:1;
[ 3, 0, 3, 1]:PlaceInBin:1;
[ 2, 2, 2, 0]:InspectWithoutPicking:1;
[ 0, 0, 2, 1]:Pick:1;
[ 3, 0, 3, 1]:PlaceInBin:1;
[ 2, 2, 2, 0]:InspectWithoutPicking:1;
[ 2, 2, 2, 0]:InspectWithoutPicking:1;
[ 0, 0, 2, 1]:Pick:1;
[ 3, 0, 3, 1]:PlaceInBin:1;
[ 2, 2, 2, 1]:ClaimNextInList:1;
[ 0, 0, 2, 1]:Pick:1;
[ 3, 0, 3, 1]:PlaceInBin:1;
[ 2, 2, 2, 0]:InspectWithoutPicking:1;
[ 0, 0, 2, 1]:Pick:1;
[ 3, 0, 3, 1]:PlaceInBin:1;
[ 2, 2, 2, 1]:ClaimNextInList:1;
[ 0, 0, 2, 1]:Pick:1;
[ 3, 0, 3, 1]:PlaceInBin:1;
[ 2, 2, 2, 0]:InspectWithoutPicking:1;
[ 0, 0, 2, 1]:Pick:1;
[ 3, 0, 3, 1]:PlaceInBin:1;
[ 2, 2, 2, 0]:InspectWithoutPicking:1;
[ 0, 0, 2, 1]:Pick:1;
[ 3, 0, 3, 1]:PlaceInBin:1;
[ 2, 2, 2, 1]:ClaimNextInList:1;
[ 0, 0, 2, 1]:Pick:1;
[ 3, 0, 3, 1]:PlaceInBin:1;
[ 2, 2, 2, 1]:ClaimNextInList:1;
[ 0, 0, 2, 1]:Pick:1;
[ 0, 0, 2, 1]:Pick:1;
[ 3, 0, 3, 1]:PlaceInBin:1;
[ 2, 2, 2, 1]:ClaimNextInList:1;
[ 0, 0, 2, 1]:Pick:1;
[ 3, 0, 3, 1]:PlaceInBin:1;
[ 2, 2, 2, 1]:ClaimNextInList:1;
[ 0, 0, 2, 1]:Pick:1;
[ 3, 0, 3, 1]:PlaceInBin:1;
[ 2, 2, 2, 0]:InspectWithoutPicking:1;
[ 0, 0, 2, 1]:Pick:1;
[ 3, 0, 3, 1]:PlaceInBin:1;
[ 2, 2, 2, 0]:InspectWithoutPicking:1;
[ 0, 0, 2, 1]:Pick:1;
ENDTRAJ
[ 0, 2, 2, 0]:InspectWithoutPicking:1;
[ 0, 0, 2, 1]:Pick:1;
[ 3, 0, 3, 1]:PlaceInBin:1;
[ 2, 2, 2, 0]:InspectWithoutPicking:1;
[ 0, 0, 2, 1]:Pick:1;
[ 3, 0, 3, 1]:PlaceInBin:1;
[ 2, 2, 2, 0]:InspectWithoutPicking:1;
[ 0, 0, 2, 1]:Pick:1;
[ 3, 0, 3, 1]:PlaceInBin:1;
[ 2, 2, 2, 0]:InspectWithoutPicking:1;
[ 0, 0, 2, 1]:Pick:1;
[ 3, 0, 3, 1]:PlaceInBin:1;
[ 2, 2, 2, 1]:ClaimNextInList:1;
[ 0, 0, 2, 1]:Pick:1;
[ 3, 0, 3, 1]:PlaceInBin:1;
[ 2, 2, 2, 1]:ClaimNextInList:1;
[ 0, 0, 2, 1]:Pick:1;
[ 0, 0, 2, 1]:Pick:1;
[ 3, 0, 3, 1]:PlaceInBin:1;
[ 2, 2, 2, 1]:ClaimNextInList:1;
[ 0, 0, 2, 1]:Pick:1;
[ 3, 0, 3, 1]:PlaceInBin:1;
[ 2, 2, 2, 0]:InspectWithoutPicking:1;
[ 0, 0, 2, 1]:Pick:1;
[ 3, 0, 3, 1]:PlaceInBin:1;
[ 2, 2, 2, 1]:ClaimNextInList:1;
[ 0, 0, 2, 1]:Pick:1;
[ 3, 0, 3, 1]:PlaceInBin:1;
[ 2, 2, 2, 0]:InspectWithoutPicking:1;
[ 0, 0, 2, 1]:Pick:1;
[ 3, 0, 3, 1]:PlaceInBin:1;
[ 2, 2, 2, 0]:InspectWithoutPicking:1;
[ 0, 0, 2, 1]:Pick:1;
[ 3, 0, 3, 1]:PlaceInBin:1;
[ 2, 2, 2, 0]:InspectWithoutPicking:1;
[ 0, 0, 2, 1]:Pick:1;
[ 3, 0, 3, 1]:PlaceInBin:1;
[ 2, 2, 2, 1]:ClaimNextInList:1;
[ 0, 0, 2, 1]:Pick:1;
[ 3, 0, 3, 1]:PlaceInBin:1;
[ 2, 2, 2, 1]:ClaimNextInList:1;
[ 0, 0, 2, 1]:Pick:1;
[ 3, 0, 3, 1]:PlaceInBin:1;
[ 3, 0, 3, 1]:PlaceInBin:1;
[ 2, 2, 2, 1]:ClaimNextInList:1;
[ 0, 0, 2, 1]:Pick:1;
[ 0, 0, 2, 1]:Pick:1;
[ 3, 0, 3, 1]:PlaceInBin:1;
[ 2, 2, 2, 0]:InspectWithoutPicking:1;
[ 0, 0, 2, 1]:Pick:1;
ENDTRAJ
[ 0, 2, 0, 0]:InspectWithoutPicking:1;
[ 0, 0, 0, 1]:Pick:1;
[ 3, 0, 3, 1]:PlaceInBin:1;
[ 2, 2, 2, 0]:InspectWithoutPicking:1;
[ 0, 0, 2, 1]:Pick:1;
[ 3, 0, 3, 1]:PlaceInBin:1;
[ 2, 2, 2, 0]:InspectWithoutPicking:1;
[ 0, 0, 2, 1]:Pick:1;
[ 3, 0, 3, 1]:PlaceInBin:1;
[ 2, 2, 2, 0]:InspectWithoutPicking:1;
[ 0, 2, 2, 0]:InspectWithoutPicking:1;
[ 0, 0, 2, 1]:Pick:1;
[ 3, 0, 3, 1]:PlaceInBin:1;
[ 2, 2, 2, 0]:InspectWithoutPicking:1;
[ 0, 0, 2, 1]:Pick:1;
[ 3, 0, 3, 1]:PlaceInBin:1;
[ 2, 2, 2, 1]:ClaimNextInList:1;
[ 0, 0, 2, 1]:Pick:1;
[ 3, 0, 3, 1]:PlaceInBin:1;
[ 2, 2, 2, 0]:InspectWithoutPicking:1;
[ 0, 0, 2, 1]:Pick:1;
[ 3, 0, 3, 1]:PlaceInBin:1;
[ 2, 2, 2, 1]:ClaimNextInList:1;
[ 0, 0, 2, 1]:Pick:1;
[ 3, 0, 3, 1]:PlaceInBin:1;
[ 2, 2, 2, 0]:InspectWithoutPicking:1;
[ 0, 0, 2, 1]:Pick:1;
[ 3, 0, 3, 1]:PlaceInBin:1;
[ 2, 2, 2, 1]:ClaimNextInList:1;
[ 0, 0, 2, 1]:Pick:1;
[ 3, 0, 3, 1]:PlaceInBin:1;
[ 2, 2, 2, 0]:InspectWithoutPicking:1;
[ 0, 0, 2, 1]:Pick:1;
[ 3, 0, 3, 1]:PlaceInBin:1;
[ 2, 2, 2, 1]:ClaimNextInList:1;
[ 0, 0, 2, 1]:Pick:1;
[ 0, 0, 2, 1]:Pick:1;
[ 3, 0, 3, 1]:PlaceInBin:1;
[ 2, 2, 2, 1]:ClaimNextInList:1;
[ 0, 0, 2, 1]:Pick:1;
[ 3, 0, 3, 1]:PlaceInBin:1;
[ 2, 2, 2, 1]:ClaimNextInList:1;
[ 0, 0, 2, 1]:Pick:1;
[ 3, 0, 3, 1]:PlaceInBin:1;
[ 2, 2, 2, 0]:InspectWithoutPicking:1;
[ 0, 0, 2, 1]:Pick:1;
[ 3, 0, 3, 1]:PlaceInBin:1;
[ 2, 2, 2, 0]:InspectWithoutPicking:1;
[ 0, 0, 2, 1]:Pick:1;
[ 3, 0, 3, 1]:PlaceInBin:1;
ENDTRAJ
[ 0, 1, 1, 0]:InspectWithoutPicking:1;
[ 0, 0, 1, 1]:Pick:1;
[ 3, 0, 3, 1]:PlaceInBin:1;
[ 2, 2, 2, 0]:InspectWithoutPicking:1;
[ 0, 0, 2, 1]:Pick:1;
[ 3, 0, 3, 1]:PlaceInBin:1;
[ 2, 2, 2, 1]:ClaimNextInList:1;
[ 0, 0, 2, 1]:Pick:1;
[ 3, 0, 3, 1]:PlaceInBin:1;
[ 2, 2, 2, 0]:InspectWithoutPicking:1;
[ 0, 0, 2, 1]:Pick:1;
[ 3, 0, 3, 1]:PlaceInBin:1;
[ 3, 0, 3, 1]:PlaceInBin:1;
[ 2, 2, 2, 0]:InspectWithoutPicking:1;
[ 0, 0, 2, 1]:Pick:1;
[ 3, 0, 3, 1]:PlaceInBin:1;
[ 2, 2, 2, 1]:ClaimNextInList:1;
[ 0, 0, 2, 1]:Pick:1;
[ 3, 0, 3, 1]:PlaceInBin:1;
[ 2, 2, 2, 0]:InspectWithoutPicking:1;
[ 2, 2, 2, 0]:InspectWithoutPicking:1;
[ 0, 0, 2, 1]:Pick:1;
[ 3, 0, 3, 1]:PlaceInBin:1;
[ 2, 2, 2, 1]:ClaimNextInList:1;
[ 0, 0, 2, 1]:Pick:1;
[ 3, 0, 3, 1]:PlaceInBin:1;
[ 2, 2, 2, 0]:InspectWithoutPicking:1;
[ 0, 0, 2, 1]:Pick:1;
[ 3, 0, 3, 1]:PlaceInBin:1;
[ 2, 2, 2, 1]:ClaimNextInList:1;
[ 0, 0, 2, 1]:Pick:1;
[ 3, 0, 3, 1]:PlaceInBin:1;
[ 2, 2, 2, 1]:ClaimNextInList:1;
[ 0, 0, 2, 1]:Pick:1;
[ 0, 0, 2, 1]:Pick:1;
[ 3, 0, 3, 1]:PlaceInBin:1;
[ 2, 2, 2, 1]:ClaimNextInList:1;
[ 0, 0, 2, 1]:Pick:1;
[ 3, 0, 3, 1]:PlaceInBin:1;
[ 2, 2, 2, 0]:InspectWithoutPicking:1;
[ 0, 0, 2, 1]:Pick:1;
[ 3, 0, 3, 1]:PlaceInBin:1;
[ 2, 2, 2, 0]:InspectWithoutPicking:1;
[ 0, 0, 2, 1]:Pick:1;
[ 3, 0, 3, 1]:PlaceInBin:1;
[ 2, 2, 2, 0]:InspectWithoutPicking:1;
[ 0, 0, 2, 1]:Pick:1;
[ 3, 0, 3, 1]:PlaceInBin:1;
[ 2, 2, 2, 0]:InspectWithoutPicking:1;
[ 0, 0, 2, 1]:Pick:1;
ENDTRAJ
[ 0, 2, 1, 0]:InspectWithoutPicking:1;
[ 0, 2, 1, 0]:InspectWithoutPicking:1;
[ 0, 0, 1, 1]:Pick:1;
[ 3, 0, 3, 1]:PlaceInBin:1;
[ 2, 2, 2, 1]:ClaimNextInList:1;
[ 0, 0, 2, 1]:Pick:1;
[ 3, 0, 3, 1]:PlaceInBin:1;
[ 3, 0, 3, 1]:PlaceInBin:1;
[ 2, 2, 2, 0]:InspectWithoutPicking:1;
[ 0, 0, 2, 1]:Pick:1;
[ 3, 0, 3, 1]:PlaceInBin:1;
[ 2, 2, 2, 0]:InspectWithoutPicking:1;
[ 0, 0, 2, 1]:Pick:1;
[ 3, 0, 3, 1]:PlaceInBin:1;
[ 2, 2, 2, 0]:InspectWithoutPicking:1;
[ 0, 0, 2, 1]:Pick:1;
[ 3, 0, 3, 1]:PlaceInBin:1;
[ 2, 2, 2, 0]:InspectWithoutPicking:1;
[ 0, 0, 2, 1]:Pick:1;
[ 0, 0, 2, 1]:Pick:1;
[ 3, 0, 3, 1]:PlaceInBin:1;
[ 2, 2, 2, 1]:ClaimNextInList:1;
[ 0, 0, 2, 1]:Pick:1;
[ 3, 0, 3, 1]:PlaceInBin:1;
[ 2, 2, 2, 1]:ClaimNextInList:1;
[ 0, 0, 2, 1]:Pick:1;
[ 3, 0, 3, 1]:PlaceInBin:1;
[ 2, 2, 2, 1]:ClaimNextInList:1;
[ 0, 0, 2, 1]:Pick:1;
[ 3, 0, 3, 1]:PlaceInBin:1;
[ 2, 2, 2, 0]:InspectWithoutPicking:1;
[ 0, 0, 2, 1]:Pick:1;
[ 3, 0, 3, 1]:PlaceInBin:1;
[ 2, 2, 2, 1]:ClaimNextInList:1;
[ 0, 0, 2, 1]:Pick:1;
[ 3, 0, 3, 1]:PlaceInBin:1;
[ 2, 2, 2, 0]:InspectWithoutPicking:1;
[ 0, 0, 2, 1]:Pick:1;
[ 3, 0, 3, 1]:PlaceInBin:1;
[ 2, 2, 2, 0]:InspectWithoutPicking:1;
[ 0, 0, 2, 1]:Pick:1;
[ 3, 0, 3, 1]:PlaceInBin:1;
[ 2, 2, 2, 1]:ClaimNextInList:1;
[ 0, 0, 2, 1]:Pick:1;
[ 3, 0, 3, 1]:PlaceInBin:1;
[ 2, 2, 2, 0]:InspectWithoutPicking:1;
[ 0, 0, 2, 1]:Pick:1;
[ 3, 0, 3, 1]:PlaceInBin:1;
[ 2, 2, 2, 0]:InspectWithoutPicking:1;
[ 0, 0, 2, 1]:Pick:1;
ENDTRAJ
[ 0, 2, 0, 0]:InspectWithoutPicking:1;
[ 0, 0, 0, 1]:Pick:1;
[ 3, 0, 3, 1]:PlaceInBin:1;
[ 2, 2, 2, 0]:InspectWithoutPicking:1;
[ 0, 0, 2, 1]:Pick:1;
[ 3, 0, 3, 1]:PlaceInBin:1;
[ 2, 2, 2, 0]:InspectWithoutPicking:1;
[ 0, 0, 2, 1]:Pick:1;
[ 3, 0, 3, 1]:PlaceInBin:1;
[ 2, 2, 2, 1]:ClaimNextInList:1;
[ 0, 0, 2, 1]:Pick:1;
[ 3, 0, 3, 1]:PlaceInBin:1;
[ 2, 2, 2, 0]:InspectWithoutPicking:1;
[ 0, 0, 2, 1]:Pick:1;
[ 3, 0, 3, 1]:PlaceInBin:1;
[ 2, 2, 2, 1]:ClaimNextInList:1;
[ 0, 0, 2, 1]:Pick:1;
[ 3, 0, 3, 1]:PlaceInBin:1;
[ 2, 2, 2, 1]:ClaimNextInList:1;
[ 0, 0, 2, 1]:Pick:1;
[ 3, 0, 3, 1]:PlaceInBin:1;
[ 2, 2, 2, 0]:InspectWithoutPicking:1;
[ 0, 0, 2, 1]:Pick:1;
[ 3, 0, 3, 1]:PlaceInBin:1;
[ 2, 2, 2, 0]:InspectWithoutPicking:1;
[ 0, 2, 2, 0]:InspectWithoutPicking:1;
[ 0, 0, 2, 1]:Pick:1;
[ 3, 0, 3, 1]:PlaceInBin:1;
[ 2, 2, 2, 0]:InspectWithoutPicking:1;
[ 0, 0, 2, 1]:Pick:1;
[ 3, 0, 3, 1]:PlaceInBin:1;
[ 2, 2, 2, 1]:ClaimNextInList:1;
[ 0, 0, 2, 1]:Pick:1;
[ 3, 0, 3, 1]:PlaceInBin:1;
[ 2, 2, 2, 1]:ClaimNextInList:1;
[ 0, 0, 2, 1]:Pick:1;
[ 3, 0, 3, 1]:PlaceInBin:1;
[ 2, 2, 2, 0]:InspectWithoutPicking:1;
[ 0, 0, 2, 1]:Pick:1;
[ 3, 0, 3, 1]:PlaceInBin:1;
[ 2, 2, 2, 1]:ClaimNextInList:1;
[ 0, 0, 2, 1]:Pick:1;
[ 3, 0, 3, 1]:PlaceInBin:1;
[ 2, 2, 2, 1]:ClaimNextInList:1;
[ 0, 0, 2, 1]:Pick:1;
[ 3, 0, 3, 1]:PlaceInBin:1;
[ 2, 2, 2, 0]:InspectWithoutPicking:1;
[ 0, 0, 2, 1]:Pick:1;
[ 3, 0, 3, 1]:PlaceInBin:1;
[ 2, 2, 2, 0]:InspectWithoutPicking:1;
ENDTRAJ
[ 0, 1, 0, 0]:InspectWithoutPicking:1;
[ 0, 0, 0, 1]:Pick:1;
[ 3, 0, 3, 1]:PlaceInBin:1;
[ 2, 2, 2, 1]:ClaimNextInList:1;
[ 0, 0, 2, 1]:Pick:1;
[ 3, 0, 3, 1]:PlaceInBin:1;
[ 2, 2, 2, 0]:InspectWithoutPicking:1;
[ 0, 0, 2, 1]:Pick:1;
[ 3, 0, 3, 1]:PlaceInBin:1;
[ 2, 2, 2, 0]:InspectWithoutPicking:1;
[ 0, 0, 2, 1]:Pick:1;
[ 3, 0, 3, 1]:PlaceInBin:1;
[ 2, 2, 2, 0]:InspectWithoutPicking:1;
[ 0, 0, 2, 1]:Pick:1;
[ 3, 0, 3, 1]:PlaceInBin:1;
[ 2, 2, 2, 1]:ClaimNextInList:1;
[ 0, 0, 2, 1]:Pick:1;
[ 3, 0, 3, 1]:PlaceInBin:1;
[ 2, 2, 2, 1]:ClaimNextInList:1;
[ 0, 0, 2, 1]:Pick:1;
[ 3, 0, 3, 1]:PlaceInBin:1;
[ 2, 2, 2, 0]:InspectWithoutPicking:1;
[ 0, 0, 2, 1]:Pick:1;
[ 3, 0, 3, 1]:PlaceInBin:1;
[ 2, 2, 2, 0]:InspectWithoutPicking:1;
[ 0, 0, 2, 1]:Pick:1;
[ 3, 0, 3, 1]:PlaceInBin:1;
[ 2, 2, 2, 0]:InspectWithoutPicking:1;
[ 0, 0, 2, 1]:Pick:1;
[ 3, 0, 3, 1]:PlaceInBin:1;
[ 2, 2, 2, 0]:InspectWithoutPicking:1;
[ 0, 0, 2, 1]:Pick:1;
[ 3, 0, 3, 1]:PlaceInBin:1;
[ 2, 2, 2, 0]:InspectWithoutPicking:1;
[ 0, 0, 2, 1]:Pick:1;
[ 3, 0, 3, 1]:PlaceInBin:1;
[ 2, 2, 2, 0]:InspectWithoutPicking:1;
[ 0, 0, 2, 1]:Pick:1;
[ 3, 0, 3, 1]:PlaceInBin:1;
[ 2, 2, 2, 1]:ClaimNextInList:1;
[ 0, 0, 2, 1]:Pick:1;
[ 3, 0, 3, 1]:PlaceInBin:1;
[ 2, 2, 2, 1]:ClaimNextInList:1;
[ 0, 0, 2, 1]:Pick:1;
[ 3, 0, 3, 1]:PlaceInBin:1;
[ 2, 2, 2, 0]:InspectWithoutPicking:1;
[ 0, 0, 2, 1]:Pick:1;
[ 3, 0, 3, 1]:PlaceInBin:1;
[ 2, 2, 2, 0]:InspectWithoutPicking:1;
[ 0, 0, 2, 1]:Pick:1;
ENDTRAJ
[ 0, 1, 2, 0]:InspectWithoutPicking:1;
[ 0, 0, 2, 1]:Pick:1;
[ 3, 0, 3, 1]:PlaceInBin:1;
[ 2, 2, 2, 0]:InspectWithoutPicking:1;
[ 0, 0, 2, 1]:Pick:1;
[ 3, 0, 3, 1]:PlaceInBin:1;
[ 2, 2, 2, 1]:ClaimNextInList:1;
[ 0, 0, 2, 1]:Pick:1;
[ 3, 0, 3, 1]:PlaceInBin:1;
[ 3, 0, 3, 1]:PlaceInBin:1;
[ 2, 2, 2, 0]:InspectWithoutPicking:1;
[ 0, 0, 2, 1]:Pick:1;
[ 3, 0, 3, 1]:PlaceInBin:1;
[ 2, 2, 2, 0]:InspectWithoutPicking:1;
[ 0, 0, 2, 1]:Pick:1;
[ 3, 0, 3, 1]:PlaceInBin:1;
[ 2, 2, 2, 1]:ClaimNextInList:1;
[ 0, 0, 2, 1]:Pick:1;
[ 3, 0, 3, 1]:PlaceInBin:1;
[ 2, 2, 2, 0]:InspectWithoutPicking:1;
[ 0, 0, 2, 1]:Pick:1;
[ 3, 0, 3, 1]:PlaceInBin:1;
[ 2, 2, 2, 0]:InspectWithoutPicking:1;
[ 0, 0, 2, 1]:Pick:1;
[ 3, 0, 3, 1]:PlaceInBin:1;
[ 2, 2, 2, 0]:InspectWithoutPicking:1;
[ 0, 0, 2, 1]:Pick:1;
[ 3, 0, 3, 1]:PlaceInBin:1;
[ 2, 2, 2, 0]:InspectWithoutPicking:1;
[ 0, 0, 2, 1]:Pick:1;
[ 3, 0, 3, 1]:PlaceInBin:1;
[ 2, 2, 2, 1]:ClaimNextInList:1;
[ 0, 0, 2, 1]:Pick:1;
[ 3, 0, 3, 1]:PlaceInBin:1;
[ 2, 2, 2, 0]:InspectWithoutPicking:1;
[ 0, 0, 2, 1]:Pick:1;
[ 3, 0, 3, 1]:PlaceInBin:1;
[ 2, 2, 2, 1]:ClaimNextInList:1;
[ 0, 0, 2, 1]:Pick:1;
[ 3, 0, 3, 1]:PlaceInBin:1;
[ 2, 2, 2, 0]:InspectWithoutPicking:1;
[ 0, 0, 2, 1]:Pick:1;
[ 3, 0, 3, 1]:PlaceInBin:1;
[ 2, 2, 2, 0]:InspectWithoutPicking:1;
[ 0, 0, 2, 1]:Pick:1;
[ 3, 0, 3, 1]:PlaceInBin:1;
[ 2, 2, 2, 1]:ClaimNextInList:1;
[ 0, 0, 2, 1]:Pick:1;
[ 3, 0, 3, 1]:PlaceInBin:1;
[ 2, 2, 2, 0]:InspectWithoutPicking:1;
ENDTRAJ
[ 0, 1, 2, 0]:InspectWithoutPicking:1;
[ 0, 0, 2, 1]:Pick:1;
[ 3, 0, 3, 1]:PlaceInBin:1;
[ 3, 0, 3, 1]:PlaceInBin:1;
[ 2, 2, 2, 1]:ClaimNextInList:1;
[ 0, 0, 2, 1]:Pick:1;
[ 3, 0, 3, 1]:PlaceInBin:1;
[ 2, 2, 2, 1]:ClaimNextInList:1;
[ 0, 0, 2, 1]:Pick:1;
[ 3, 0, 3, 1]:PlaceInBin:1;
[ 2, 2, 2, 1]:ClaimNextInList:1;
[ 0, 0, 2, 1]:Pick:1;
[ 3, 0, 3, 1]:PlaceInBin:1;
[ 2, 2, 2, 0]:InspectWithoutPicking:1;
[ 0, 0, 2, 1]:Pick:1;
[ 3, 0, 3, 1]:PlaceInBin:1;
[ 2, 2, 2, 1]:ClaimNextInList:1;
[ 0, 0, 2, 1]:Pick:1;
[ 3, 0, 3, 1]:PlaceInBin:1;
[ 2, 2, 2, 0]:InspectWithoutPicking:1;
[ 0, 0, 2, 1]:Pick:1;
[ 3, 0, 3, 1]:PlaceInBin:1;
[ 2, 2, 2, 0]:InspectWithoutPicking:1;
[ 0, 0, 2, 1]:Pick:1;
[ 3, 0, 3, 1]:PlaceInBin:1;
[ 2, 2, 2, 0]:InspectWithoutPicking:1;
[ 0, 0, 2, 1]:Pick:1;
[ 3, 0, 3, 1]:PlaceInBin:1;
[ 3, 0, 3, 1]:PlaceInBin:1;
[ 3, 0, 3, 1]:PlaceInBin:1;
[ 3, 0, 3, 1]:PlaceInBin:1;
[ 2, 2, 2, 1]:ClaimNextInList:1;
[ 0, 0, 2, 1]:Pick:1;
[ 3, 0, 3, 1]:PlaceInBin:1;
[ 2, 2, 2, 1]:ClaimNextInList:1;
[ 0, 0, 2, 1]:Pick:1;
[ 3, 0, 3, 1]:PlaceInBin:1;
[ 2, 2, 2, 1]:ClaimNextInList:1;
[ 0, 0, 2, 1]:Pick:1;
[ 3, 0, 3, 1]:PlaceInBin:1;
[ 2, 2, 2, 0]:InspectWithoutPicking:1;
[ 0, 0, 2, 1]:Pick:1;
[ 3, 0, 3, 1]:PlaceInBin:1;
[ 3, 0, 3, 1]:PlaceInBin:1;
[ 2, 2, 2, 1]:ClaimNextInList:1;
[ 0, 0, 2, 1]:Pick:1;
[ 3, 0, 3, 1]:PlaceInBin:1;
[ 2, 2, 2, 0]:InspectWithoutPicking:1;
[ 0, 0, 2, 1]:Pick:1;
[ 3, 0, 3, 1]:PlaceInBin:1;
ENDTRAJ
[ 0, 1, 3, 0]:InspectWithoutPicking:1;
[ 0, 0, 3, 1]:Pick:1;
[ 3, 0, 3, 1]:PlaceInBin:1;
[ 2, 2, 2, 1]:ClaimNextInList:1;
[ 0, 0, 2, 1]:Pick:1;
[ 3, 0, 3, 1]:PlaceInBin:1;
[ 2, 2, 2, 0]:InspectWithoutPicking:1;
[ 0, 0, 2, 1]:Pick:1;
[ 3, 0, 3, 1]:PlaceInBin:1;
[ 3, 0, 3, 1]:PlaceInBin:1;
[ 2, 2, 2, 1]:ClaimNextInList:1;
[ 0, 0, 2, 1]:Pick:1;
[ 3, 0, 3, 1]:PlaceInBin:1;
[ 2, 2, 2, 0]:InspectWithoutPicking:1;
[ 0, 0, 2, 1]:Pick:1;
[ 3, 0, 3, 1]:PlaceInBin:1;
[ 2, 2, 2, 1]:ClaimNextInList:1;
[ 0, 0, 2, 1]:Pick:1;
[ 3, 0, 3, 1]:PlaceInBin:1;
[ 2, 2, 2, 1]:ClaimNextInList:1;
[ 0, 0, 2, 1]:Pick:1;
[ 3, 0, 3, 1]:PlaceInBin:1;
[ 2, 2, 2, 1]:ClaimNextInList:1;
[ 0, 0, 2, 1]:Pick:1;
[ 3, 0, 3, 1]:PlaceInBin:1;
[ 2, 2, 2, 1]:ClaimNextInList:1;
[ 0, 0, 2, 1]:Pick:1;
[ 3, 0, 3, 1]:PlaceInBin:1;
[ 2, 2, 2, 0]:InspectWithoutPicking:1;
[ 0, 0, 2, 1]:Pick:1;
[ 3, 0, 3, 1]:PlaceInBin:1;
[ 2, 2, 2, 0]:InspectWithoutPicking:1;
[ 0, 0, 2, 1]:Pick:1;
[ 3, 0, 3, 1]:PlaceInBin:1;
[ 2, 2, 2, 1]:ClaimNextInList:1;
[ 0, 0, 2, 1]:Pick:1;
[ 3, 0, 3, 1]:PlaceInBin:1;
[ 2, 2, 2, 1]:ClaimNextInList:1;
[ 0, 0, 2, 1]:Pick:1;
[ 3, 0, 3, 1]:PlaceInBin:1;
[ 2, 2, 2, 0]:InspectWithoutPicking:1;
[ 0, 0, 2, 1]:Pick:1;
[ 3, 0, 3, 1]:PlaceInBin:1;
[ 2, 2, 2, 0]:InspectWithoutPicking:1;
[ 0, 0, 2, 1]:Pick:1;
[ 0, 0, 2, 1]:Pick:1;
[ 3, 0, 3, 1]:PlaceInBin:1;
[ 2, 2, 2, 0]:InspectWithoutPicking:1;
[ 0, 0, 2, 1]:Pick:1;
[ 3, 0, 3, 1]:PlaceInBin:1;
ENDTRAJ
[ 0, 2, 3, 0]:InspectWithoutPicking:1;
[ 0, 0, 3, 1]:Pick:1;
[ 3, 0, 3, 1]:PlaceInBin:1;
[ 2, 2, 2, 0]:InspectWithoutPicking:1;
[ 0, 0, 2, 1]:Pick:1;
[ 3, 0, 3, 1]:PlaceInBin:1;
[ 2, 2, 2, 0]:InspectWithoutPicking:1;
[ 0, 0, 2, 1]:Pick:1;
[ 3, 0, 3, 1]:PlaceInBin:1;
[ 2, 2, 2, 1]:ClaimNextInList:1;
[ 0, 0, 2, 1]:Pick:1;
[ 3, 0, 3, 1]:PlaceInBin:1;
[ 2, 2, 2, 0]:InspectWithoutPicking:1;
[ 0, 0, 2, 1]:Pick:1;
[ 3, 0, 3, 1]:PlaceInBin:1;
[ 2, 2, 2, 1]:ClaimNextInList:1;
[ 0, 0, 2, 1]:Pick:1;
[ 3, 0, 3, 1]:PlaceInBin:1;
[ 2, 2, 2, 0]:InspectWithoutPicking:1;
[ 0, 0, 2, 1]:Pick:1;
[ 3, 0, 3, 1]:PlaceInBin:1;
[ 2, 2, 2, 0]:InspectWithoutPicking:1;
[ 0, 0, 2, 1]:Pick:1;
[ 3, 0, 3, 1]:PlaceInBin:1;
[ 2, 2, 2, 1]:ClaimNextInList:1;
[ 2, 2, 2, 1]:ClaimNextInList:1;
[ 0, 0, 2, 1]:Pick:1;
[ 3, 0, 3, 1]:PlaceInBin:1;
[ 2, 2, 2, 0]:InspectWithoutPicking:1;
[ 0, 0, 2, 1]:Pick:1;
[ 3, 0, 3, 1]:PlaceInBin:1;
[ 2, 2, 2, 0]:InspectWithoutPicking:1;
[ 0, 0, 2, 1]:Pick:1;
[ 3, 0, 3, 1]:PlaceInBin:1;
[ 2, 2, 2, 0]:InspectWithoutPicking:1;
[ 0, 0, 2, 1]:Pick:1;
[ 3, 0, 3, 1]:PlaceInBin:1;
[ 2, 2, 2, 0]:InspectWithoutPicking:1;
[ 0, 0, 2, 1]:Pick:1;
[ 0, 0, 2, 1]:Pick:1;
[ 3, 0, 3, 1]:PlaceInBin:1;
[ 2, 2, 2, 1]:ClaimNextInList:1;
[ 0, 0, 2, 1]:Pick:1;
[ 3, 0, 3, 1]:PlaceInBin:1;
[ 3, 0, 3, 1]:PlaceInBin:1;
[ 2, 2, 2, 1]:ClaimNextInList:1;
[ 0, 0, 2, 1]:Pick:1;
[ 3, 0, 3, 1]:PlaceInBin:1;
[ 2, 2, 2, 1]:ClaimNextInList:1;
[ 0, 0, 2, 1]:Pick:1;
ENDTRAJ
[ 0, 1, 2, 0]:InspectWithoutPicking:1;
[ 0, 0, 2, 1]:Pick:1;
[ 3, 0, 3, 1]:PlaceInBin:1;
[ 2, 2, 2, 1]:ClaimNextInList:1;
[ 0, 0, 2, 1]:Pick:1;
[ 3, 0, 3, 1]:PlaceInBin:1;
[ 2, 2, 2, 0]:InspectWithoutPicking:1;
[ 0, 0, 2, 1]:Pick:1;
[ 0, 0, 2, 1]:Pick:1;
[ 3, 0, 3, 1]:PlaceInBin:1;
[ 2, 2, 2, 1]:ClaimNextInList:1;
[ 0, 0, 2, 1]:Pick:1;
[ 3, 0, 3, 1]:PlaceInBin:1;
[ 2, 2, 2, 0]:InspectWithoutPicking:1;
[ 0, 0, 2, 1]:Pick:1;
[ 3, 0, 3, 1]:PlaceInBin:1;
[ 2, 2, 2, 0]:InspectWithoutPicking:1;
[ 0, 0, 2, 1]:Pick:1;
[ 3, 0, 3, 1]:PlaceInBin:1;
[ 2, 2, 2, 0]:InspectWithoutPicking:1;
[ 0, 0, 2, 1]:Pick:1;
[ 3, 0, 3, 1]:PlaceInBin:1;
[ 2, 2, 2, 1]:ClaimNextInList:1;
[ 2, 2, 2, 1]:ClaimNextInList:1;
[ 0, 0, 2, 1]:Pick:1;
[ 3, 0, 3, 1]:PlaceInBin:1;
[ 2, 2, 2, 1]:ClaimNextInList:1;
[ 0, 0, 2, 1]:Pick:1;
[ 3, 0, 3, 1]:PlaceInBin:1;
[ 2, 2, 2, 1]:ClaimNextInList:1;
[ 0, 0, 2, 1]:Pick:1;
[ 3, 0, 3, 1]:PlaceInBin:1;
[ 2, 2, 2, 0]:InspectWithoutPicking:1;
[ 0, 0, 2, 1]:Pick:1;
[ 3, 0, 3, 1]:PlaceInBin:1;
[ 2, 2, 2, 0]:InspectWithoutPicking:1;
[ 0, 0, 2, 1]:Pick:1;
[ 3, 0, 3, 1]:PlaceInBin:1;
[ 2, 2, 2, 0]:InspectWithoutPicking:1;
[ 0, 0, 2, 1]:Pick:1;
[ 3, 0, 3, 1]:PlaceInBin:1;
[ 2, 2, 2, 1]:ClaimNextInList:1;
[ 0, 0, 2, 1]:Pick:1;
[ 3, 0, 3, 1]:PlaceInBin:1;
[ 2, 2, 2, 1]:ClaimNextInList:1;
[ 0, 0, 2, 1]:Pick:1;
[ 3, 0, 3, 1]:PlaceInBin:1;
[ 2, 2, 2, 0]:InspectWithoutPicking:1;
[ 0, 0, 2, 1]:Pick:1;
[ 3, 0, 3, 1]:PlaceInBin:1;
ENDTRAJ
[ 0, 1, 2, 0]:InspectWithoutPicking:1;
[ 0, 0, 2, 1]:Pick:1;
[ 3, 0, 3, 1]:PlaceInBin:1;
[ 2, 2, 2, 1]:ClaimNextInList:1;
[ 0, 0, 2, 1]:Pick:1;
[ 3, 0, 3, 1]:PlaceInBin:1;
[ 2, 2, 2, 1]:ClaimNextInList:1;
[ 0, 0, 2, 1]:Pick:1;
[ 3, 0, 3, 1]:PlaceInBin:1;
[ 2, 2, 2, 1]:ClaimNextInList:1;
[ 0, 0, 2, 1]:Pick:1;
[ 3, 0, 3, 1]:PlaceInBin:1;
[ 2, 2, 2, 1]:ClaimNextInList:1;
[ 0, 0, 2, 1]:Pick:1;
[ 3, 0, 3, 1]:PlaceInBin:1;
[ 2, 2, 2, 0]:InspectWithoutPicking:1;
[ 0, 0, 2, 1]:Pick:1;
[ 3, 0, 3, 1]:PlaceInBin:1;
[ 2, 2, 2, 1]:ClaimNextInList:1;
[ 0, 0, 2, 1]:Pick:1;
[ 3, 0, 3, 1]:PlaceInBin:1;
[ 3, 0, 3, 1]:PlaceInBin:1;
[ 2, 2, 2, 0]:InspectWithoutPicking:1;
[ 0, 0, 2, 1]:Pick:1;
[ 3, 0, 3, 1]:PlaceInBin:1;
[ 2, 2, 2, 0]:InspectWithoutPicking:1;
[ 0, 0, 2, 1]:Pick:1;
[ 3, 0, 3, 1]:PlaceInBin:1;
[ 2, 2, 2, 1]:ClaimNextInList:1;
[ 0, 0, 2, 1]:Pick:1;
[ 3, 0, 3, 1]:PlaceInBin:1;
[ 2, 2, 2, 1]:ClaimNextInList:1;
[ 0, 0, 2, 1]:Pick:1;
[ 3, 0, 3, 1]:PlaceInBin:1;
[ 2, 2, 2, 1]:ClaimNextInList:1;
[ 0, 0, 2, 1]:Pick:1;
[ 3, 0, 3, 1]:PlaceInBin:1;
[ 2, 2, 2, 1]:ClaimNextInList:1;
[ 0, 0, 2, 1]:Pick:1;
[ 3, 0, 3, 1]:PlaceInBin:1;
[ 2, 2, 2, 0]:InspectWithoutPicking:1;
[ 0, 0, 2, 1]:Pick:1;
[ 3, 0, 3, 1]:PlaceInBin:1;
[ 2, 2, 2, 1]:ClaimNextInList:1;
[ 0, 0, 2, 1]:Pick:1;
[ 3, 0, 3, 1]:PlaceInBin:1;
[ 2, 2, 2, 0]:InspectWithoutPicking:1;
[ 0, 0, 2, 1]:Pick:1;
[ 3, 0, 3, 1]:PlaceInBin:1;
[ 2, 2, 2, 1]:ClaimNextInList:1;
ENDTRAJ
[ 0, 2, 1, 0]:InspectWithoutPicking:1;
[ 0, 0, 1, 1]:Pick:1;
[ 3, 0, 3, 1]:PlaceInBin:1;
[ 2, 2, 2, 0]:InspectWithoutPicking:1;
[ 0, 0, 2, 1]:Pick:1;
[ 3, 0, 3, 1]:PlaceInBin:1;
[ 2, 2, 2, 0]:InspectWithoutPicking:1;
[ 0, 0, 2, 1]:Pick:1;
[ 3, 0, 3, 1]:PlaceInBin:1;
[ 2, 2, 2, 0]:InspectWithoutPicking:1;
[ 0, 0, 2, 1]:Pick:1;
[ 3, 0, 3, 1]:PlaceInBin:1;
[ 2, 2, 2, 0]:InspectWithoutPicking:1;
[ 0, 0, 2, 1]:Pick:1;
[ 3, 0, 3, 1]:PlaceInBin:1;
[ 2, 2, 2, 1]:ClaimNextInList:1;
[ 0, 0, 2, 1]:Pick:1;
[ 3, 0, 3, 1]:PlaceInBin:1;
[ 2, 2, 2, 1]:ClaimNextInList:1;
[ 0, 0, 2, 1]:Pick:1;
[ 3, 0, 3, 1]:PlaceInBin:1;
[ 2, 2, 2, 0]:InspectWithoutPicking:1;
[ 0, 0, 2, 1]:Pick:1;
[ 3, 0, 3, 1]:PlaceInBin:1;
[ 2, 2, 2, 0]:InspectWithoutPicking:1;
[ 0, 0, 2, 1]:Pick:1;
[ 3, 0, 3, 1]:PlaceInBin:1;
[ 2, 2, 2, 0]:InspectWithoutPicking:1;
[ 0, 0, 2, 1]:Pick:1;
[ 3, 0, 3, 1]:PlaceInBin:1;
[ 2, 2, 2, 1]:ClaimNextInList:1;
[ 0, 0, 2, 1]:Pick:1;
[ 3, 0, 3, 1]:PlaceInBin:1;
[ 2, 2, 2, 0]:InspectWithoutPicking:1;
[ 0, 0, 2, 1]:Pick:1;
[ 3, 0, 3, 1]:PlaceInBin:1;
[ 2, 2, 2, 1]:ClaimNextInList:1;
[ 0, 0, 2, 1]:Pick:1;
[ 3, 0, 3, 1]:PlaceInBin:1;
[ 2, 2, 2, 0]:InspectWithoutPicking:1;
[ 0, 0, 2, 1]:Pick:1;
[ 3, 0, 3, 1]:PlaceInBin:1;
[ 2, 2, 2, 1]:ClaimNextInList:1;
[ 0, 0, 2, 1]:Pick:1;
[ 3, 0, 3, 1]:PlaceInBin:1;
[ 2, 2, 2, 0]:InspectWithoutPicking:1;
[ 0, 0, 2, 1]:Pick:1;
[ 3, 0, 3, 1]:PlaceInBin:1;
[ 2, 2, 2, 0]:InspectWithoutPicking:1;
[ 0, 0, 2, 1]:Pick:1;
ENDTRAJ
[ 0, 2, 3, 0]:InspectWithoutPicking:1;
[ 0, 0, 3, 1]:Pick:1;
[ 3, 0, 3, 1]:PlaceInBin:1;
[ 2, 2, 2, 1]:ClaimNextInList:1;
[ 0, 0, 2, 1]:Pick:1;
[ 3, 0, 3, 1]:PlaceInBin:1;
[ 2, 2, 2, 1]:ClaimNextInList:1;
[ 0, 0, 2, 1]:Pick:1;
[ 3, 0, 3, 1]:PlaceInBin:1;
[ 2, 2, 2, 1]:ClaimNextInList:1;
[ 2, 2, 2, 1]:ClaimNextInList:1;
[ 0, 0, 2, 1]:Pick:1;
[ 3, 0, 3, 1]:PlaceInBin:1;
[ 2, 2, 2, 1]:ClaimNextInList:1;
[ 0, 0, 2, 1]:Pick:1;
[ 3, 0, 3, 1]:PlaceInBin:1;
[ 2, 2, 2, 0]:InspectWithoutPicking:1;
[ 0, 0, 2, 1]:Pick:1;
[ 3, 0, 3, 1]:PlaceInBin:1;
[ 2, 2, 2, 1]:ClaimNextInList:1;
[ 0, 0, 2, 1]:Pick:1;
[ 3, 0, 3, 1]:PlaceInBin:1;
[ 2, 2, 2, 1]:ClaimNextInList:1;
[ 0, 0, 2, 1]:Pick:1;
[ 3, 0, 3, 1]:PlaceInBin:1;
[ 2, 2, 2, 0]:InspectWithoutPicking:1;
[ 0, 0, 2, 1]:Pick:1;
[ 3, 0, 3, 1]:PlaceInBin:1;
[ 3, 0, 3, 1]:PlaceInBin:1;
[ 2, 2, 2, 1]:ClaimNextInList:1;
[ 0, 0, 2, 1]:Pick:1;
[ 3, 0, 3, 1]:PlaceInBin:1;
[ 2, 2, 2, 0]:InspectWithoutPicking:1;
[ 0, 0, 2, 1]:Pick:1;
[ 3, 0, 3, 1]:PlaceInBin:1;
[ 2, 2, 2, 1]:ClaimNextInList:1;
[ 0, 0, 2, 1]:Pick:1;
[ 3, 0, 3, 1]:PlaceInBin:1;
[ 2, 2, 2, 0]:InspectWithoutPicking:1;
[ 0, 0, 2, 1]:Pick:1;
[ 3, 0, 3, 1]:PlaceInBin:1;
[ 2, 2, 2, 1]:ClaimNextInList:1;
[ 0, 0, 2, 1]:Pick:1;
[ 3, 0, 3, 1]:PlaceInBin:1;
[ 2, 2, 2, 1]:ClaimNextInList:1;
[ 0, 0, 2, 1]:Pick:1;
[ 3, 0, 3, 1]:PlaceInBin:1;
[ 2, 2, 2, 0]:InspectWithoutPicking:1;
[ 0, 0, 2, 1]:Pick:1;
[ 3, 0, 3, 1]:PlaceInBin:1;
ENDTRAJ
[ 0, 2, 3, 0]:InspectWithoutPicking:1;
[ 0, 0, 3, 1]:Pick:1;
[ 3, 0, 3, 1]:PlaceInBin:1;
[ 2, 2, 2, 0]:InspectWithoutPicking:1;
[ 0, 0, 2, 1]:Pick:1;
[ 3, 0, 3, 1]:PlaceInBin:1;
[ 2, 2, 2, 0]:InspectWithoutPicking:1;
[ 0, 0, 2, 1]:Pick:1;
[ 0, 0, 2, 1]:Pick:1;
[ 3, 0, 3, 1]:PlaceInBin:1;
[ 2, 2, 2, 1]:ClaimNextInList:1;
[ 0, 0, 2, 1]:Pick:1;
[ 3, 0, 3, 1]:PlaceInBin:1;
[ 2, 2, 2, 0]:InspectWithoutPicking:1;
[ 0, 0, 2, 1]:Pick:1;
[ 3, 0, 3, 1]:PlaceInBin:1;
[ 2, 2, 2, 0]:InspectWithoutPicking:1;
[ 0, 0, 2, 1]:Pick:1;
[ 3, 0, 3, 1]:PlaceInBin:1;
[ 2, 2, 2, 0]:InspectWithoutPicking:1;
[ 0, 0, 2, 1]:Pick:1;
[ 3, 0, 3, 1]:PlaceInBin:1;
[ 2, 2, 2, 1]:ClaimNextInList:1;
[ 0, 0, 2, 1]:Pick:1;
[ 3, 0, 3, 1]:PlaceInBin:1;
[ 2, 2, 2, 1]:ClaimNextInList:1;
[ 0, 0, 2, 1]:Pick:1;
[ 3, 0, 3, 1]:PlaceInBin:1;
[ 2, 2, 2, 1]:ClaimNextInList:1;
[ 0, 0, 2, 1]:Pick:1;
[ 3, 0, 3, 1]:PlaceInBin:1;
[ 2, 2, 2, 0]:InspectWithoutPicking:1;
[ 0, 0, 2, 1]:Pick:1;
[ 3, 0, 3, 1]:PlaceInBin:1;
[ 2, 2, 2, 1]:ClaimNextInList:1;
[ 0, 0, 2, 1]:Pick:1;
[ 3, 0, 3, 1]:PlaceInBin:1;
[ 2, 2, 2, 0]:InspectWithoutPicking:1;
[ 0, 0, 2, 1]:Pick:1;
[ 3, 0, 3, 1]:PlaceInBin:1;
[ 2, 2, 2, 1]:ClaimNextInList:1;
[ 0, 0, 2, 1]:Pick:1;
[ 3, 0, 3, 1]:PlaceInBin:1;
[ 2, 2, 2, 0]:InspectWithoutPicking:1;
[ 0, 0, 2, 1]:Pick:1;
[ 3, 0, 3, 1]:PlaceInBin:1;
[ 2, 2, 2, 0]:InspectWithoutPicking:1;
[ 0, 0, 2, 1]:Pick:1;
[ 3, 0, 3, 1]:PlaceInBin:1;
[ 2, 2, 2, 0]:InspectWithoutPicking:1;
ENDTRAJ
[ 0, 2, 2, 0]:InspectWithoutPicking:1;
[ 0, 0, 2, 1]:Pick:1;
[ 3, 0, 3, 1]:PlaceInBin:1;
[ 2, 2, 2, 0]:InspectWithoutPicking:1;
[ 0, 0, 2, 1]:Pick:1;
[ 3, 0, 3, 1]:PlaceInBin:1;
[ 3, 0, 3, 1]:PlaceInBin:1;
[ 2, 2, 2, 0]:InspectWithoutPicking:1;
[ 0, 0, 2, 1]:Pick:1;
[ 3, 0, 3, 1]:PlaceInBin:1;
[ 2, 2, 2, 0]:InspectWithoutPicking:1;
[ 0, 0, 2, 1]:Pick:1;
[ 3, 0, 3, 1]:PlaceInBin:1;
[ 3, 0, 3, 1]:PlaceInBin:1;
[ 2, 2, 2, 0]:InspectWithoutPicking:1;
[ 0, 0, 2, 1]:Pick:1;
[ 3, 0, 3, 1]:PlaceInBin:1;
[ 2, 2, 2, 1]:ClaimNextInList:1;
[ 0, 0, 2, 1]:Pick:1;
[ 3, 0, 3, 1]:PlaceInBin:1;
[ 2, 2, 2, 1]:ClaimNextInList:1;
[ 0, 0, 2, 1]:Pick:1;
[ 3, 0, 3, 1]:PlaceInBin:1;
[ 2, 2, 2, 0]:InspectWithoutPicking:1;
[ 0, 0, 2, 1]:Pick:1;
[ 3, 0, 3, 1]:PlaceInBin:1;
[ 2, 2, 2, 0]:InspectWithoutPicking:1;
[ 0, 0, 2, 1]:Pick:1;
[ 3, 0, 3, 1]:PlaceInBin:1;
[ 2, 2, 2, 0]:InspectWithoutPicking:1;
[ 0, 0, 2, 1]:Pick:1;
[ 3, 0, 3, 1]:PlaceInBin:1;
[ 2, 2, 2, 1]:ClaimNextInList:1;
[ 0, 0, 2, 1]:Pick:1;
[ 3, 0, 3, 1]:PlaceInBin:1;
[ 2, 2, 2, 0]:InspectWithoutPicking:1;
[ 0, 0, 2, 1]:Pick:1;
[ 3, 0, 3, 1]:PlaceInBin:1;
[ 2, 2, 2, 1]:ClaimNextInList:1;
[ 0, 0, 2, 1]:Pick:1;
[ 3, 0, 3, 1]:PlaceInBin:1;
[ 2, 2, 2, 1]:ClaimNextInList:1;
[ 0, 0, 2, 1]:Pick:1;
[ 3, 0, 3, 1]:PlaceInBin:1;
[ 2, 2, 2, 1]:ClaimNextInList:1;
[ 0, 0, 2, 1]:Pick:1;
[ 3, 0, 3, 1]:PlaceInBin:1;
[ 2, 2, 2, 0]:InspectWithoutPicking:1;
[ 0, 0, 2, 1]:Pick:1;
[ 3, 0, 3, 1]:PlaceInBin:1;
ENDTRAJ
[ 0, 1, 0, 0]:Pick:1;
[ 3, 1, 3, 0]:PlaceOnConveyor:1;
[ 0, 2, 0, 2]:Pick:1;
[ 3, 2, 3, 2]:InspectAfterPicking:1;
[ 1, 0, 1, 2]:PlaceInBin:1;
[ 2, 2, 2, 2]:ClaimNewOnion:1;
[ 0, 2, 2, 2]:Pick:1;
[ 3, 2, 3, 2]:InspectAfterPicking:1;
[ 1, 0, 1, 2]:PlaceInBin:1;
[ 2, 2, 2, 2]:ClaimNewOnion:1;
[ 0, 2, 2, 2]:Pick:1;
[ 3, 2, 3, 2]:InspectAfterPicking:1;
[ 1, 1, 1, 2]:PlaceOnConveyor:1;
[ 0, 2, 0, 2]:Pick:1;
[ 3, 2, 3, 2]:InspectAfterPicking:1;
[ 1, 1, 1, 2]:PlaceOnConveyor:1;
[ 0, 2, 0, 2]:Pick:1;
[ 3, 2, 3, 2]:InspectAfterPicking:1;
[ 1, 1, 1, 2]:PlaceOnConveyor:1;
[ 0, 2, 0, 2]:Pick:1;
[ 3, 2, 3, 2]:InspectAfterPicking:1;
[ 1, 0, 1, 2]:PlaceInBin:1;
[ 2, 2, 2, 2]:ClaimNewOnion:1;
[ 0, 2, 2, 2]:Pick:1;
[ 3, 2, 3, 2]:InspectAfterPicking:1;
[ 3, 2, 3, 2]:InspectAfterPicking:1;
[ 1, 0, 1, 2]:PlaceInBin:1;
[ 2, 2, 2, 2]:ClaimNewOnion:1;
[ 0, 2, 2, 2]:Pick:1;
[ 3, 2, 3, 2]:InspectAfterPicking:1;
[ 1, 1, 1, 2]:PlaceOnConveyor:1;
[ 0, 2, 0, 2]:Pick:1;
[ 3, 2, 3, 2]:InspectAfterPicking:1;
[ 1, 1, 1, 2]:PlaceOnConveyor:1;
[ 0, 2, 0, 2]:Pick:1;
[ 3, 2, 3, 2]:InspectAfterPicking:1;
[ 3, 2, 3, 2]:InspectAfterPicking:1;
[ 1, 1, 1, 2]:PlaceOnConveyor:1;
[ 0, 2, 0, 2]:Pick:1;
[ 3, 2, 3, 2]:InspectAfterPicking:1;
[ 1, 0, 1, 2]:PlaceInBin:1;
[ 2, 2, 2, 2]:ClaimNewOnion:1;
[ 0, 2, 2, 2]:Pick:1;
[ 3, 2, 3, 2]:InspectAfterPicking:1;
[ 1, 0, 1, 2]:PlaceInBin:1;
[ 2, 2, 2, 2]:ClaimNewOnion:1;
[ 0, 2, 2, 2]:Pick:1;
[ 3, 2, 3, 2]:InspectAfterPicking:1;
[ 1, 0, 1, 2]:PlaceInBin:1;
[ 2, 2, 2, 2]:ClaimNewOnion:1;
ENDTRAJ
[ 0, 1, 0, 0]:Pick:1;
[ 3, 1, 3, 0]:PlaceOnConveyor:1;
[ 0, 2, 0, 2]:Pick:1;
[ 3, 2, 3, 2]:InspectAfterPicking:1;
[ 1, 0, 1, 2]:PlaceInBin:1;
[ 2, 2, 2, 2]:ClaimNewOnion:1;
[ 0, 2, 2, 2]:Pick:1;
[ 3, 2, 3, 2]:InspectAfterPicking:1;
[ 1, 1, 1, 2]:PlaceOnConveyor:1;
[ 0, 2, 0, 2]:Pick:1;
[ 3, 2, 3, 2]:InspectAfterPicking:1;
[ 1, 0, 1, 2]:PlaceInBin:1;
[ 2, 2, 2, 2]:ClaimNewOnion:1;
[ 0, 2, 2, 2]:Pick:1;
[ 3, 2, 3, 2]:InspectAfterPicking:1;
[ 1, 1, 1, 2]:PlaceOnConveyor:1;
[ 0, 2, 0, 2]:Pick:1;
[ 3, 2, 3, 2]:InspectAfterPicking:1;
[ 1, 1, 1, 2]:PlaceOnConveyor:1;
[ 1, 1, 1, 2]:PlaceOnConveyor:1;
[ 0, 2, 0, 2]:Pick:1;
[ 3, 2, 3, 2]:InspectAfterPicking:1;
[ 1, 1, 1, 2]:PlaceOnConveyor:1;
[ 0, 2, 0, 2]:Pick:1;
[ 3, 2, 3, 2]:InspectAfterPicking:1;
[ 1, 0, 1, 2]:PlaceInBin:1;
[ 2, 2, 2, 2]:ClaimNewOnion:1;
[ 0, 2, 2, 2]:Pick:1;
[ 3, 2, 3, 2]:InspectAfterPicking:1;
[ 1, 1, 1, 2]:PlaceOnConveyor:1;
[ 0, 2, 0, 2]:Pick:1;
[ 3, 2, 3, 2]:InspectAfterPicking:1;
[ 1, 0, 1, 2]:PlaceInBin:1;
[ 2, 2, 2, 2]:ClaimNewOnion:1;
[ 0, 2, 2, 2]:Pick:1;
[ 3, 2, 3, 2]:InspectAfterPicking:1;
[ 1, 1, 1, 2]:PlaceOnConveyor:1;
[ 0, 2, 0, 2]:Pick:1;
[ 3, 2, 3, 2]:InspectAfterPicking:1;
[ 1, 0, 1, 2]:PlaceInBin:1;
[ 2, 2, 2, 2]:ClaimNewOnion:1;
[ 0, 2, 2, 2]:Pick:1;
[ 0, 2, 2, 2]:Pick:1;
[ 3, 2, 3, 2]:InspectAfterPicking:1;
[ 1, 0, 1, 2]:PlaceInBin:1;
[ 2, 2, 2, 2]:ClaimNewOnion:1;
[ 2, 2, 2, 2]:ClaimNewOnion:1;
[ 0, 2, 2, 2]:Pick:1;
[ 3, 2, 3, 2]:InspectAfterPicking:1;
[ 1, 0, 1, 2]:PlaceInBin:1;
ENDTRAJ
[ 0, 1, 2, 0]:Pick:1;
[ 3, 1, 3, 0]:PlaceOnConveyor:1;
[ 0, 2, 0, 2]:Pick:1;
[ 3, 2, 3, 2]:InspectAfterPicking:1;
[ 1, 0, 1, 2]:PlaceInBin:1;
[ 2, 2, 2, 2]:ClaimNewOnion:1;
[ 0, 2, 2, 2]:Pick:1;
[ 3, 2, 3, 2]:InspectAfterPicking:1;
[ 1, 1, 1, 2]:PlaceOnConveyor:1;
[ 0, 2, 0, 2]:Pick:1;
[ 3, 2, 3, 2]:InspectAfterPicking:1;
[ 1, 1, 1, 2]:PlaceOnConveyor:1;
[ 0, 2, 0, 2]:Pick:1;
[ 3, 2, 3, 2]:InspectAfterPicking:1;
[ 1, 0, 1, 2]:PlaceInBin:1;
[ 2, 2, 2, 2]:ClaimNewOnion:1;
[ 0, 2, 2, 2]:Pick:1;
[ 3, 2, 3, 2]:InspectAfterPicking:1;
[ 1, 1, 1, 2]:PlaceOnConveyor:1;
[ 1, 1, 1, 2]:PlaceOnConveyor:1;
[ 0, 2, 0, 2]:Pick:1;
[ 0, 2, 0, 2]:Pick:1;
[ 3, 2, 3, 2]:InspectAfterPicking:1;
[ 1, 0, 1, 2]:PlaceInBin:1;
[ 2, 2, 2, 2]:ClaimNewOnion:1;
[ 0, 2, 2, 2]:Pick:1;
[ 3, 2, 3, 2]:InspectAfterPicking:1;
[ 1, 1, 1, 2]:PlaceOnConveyor:1;
[ 0, 2, 0, 2]:Pick:1;
[ 3, 2, 3, 2]:InspectAfterPicking:1;
[ 1, 1, 1, 2]:PlaceOnConveyor:1;
[ 1, 1, 1, 2]:PlaceOnConveyor:1;
[ 0, 2, 0, 2]:Pick:1;
[ 3, 2, 3, 2]:InspectAfterPicking:1;
[ 1, 0, 1, 2]:PlaceInBin:1;
[ 2, 2, 2, 2]:ClaimNewOnion:1;
[ 0, 2, 2, 2]:Pick:1;
[ 3, 2, 3, 2]:InspectAfterPicking:1;
[ 1, 1, 1, 2]:PlaceOnConveyor:1;
[ 0, 2, 0, 2]:Pick:1;
[ 3, 2, 3, 2]:InspectAfterPicking:1;
[ 1, 0, 1, 2]:PlaceInBin:1;
[ 2, 2, 2, 2]:ClaimNewOnion:1;
[ 0, 2, 2, 2]:Pick:1;
[ 3, 2, 3, 2]:InspectAfterPicking:1;
[ 1, 0, 1, 2]:PlaceInBin:1;
[ 2, 2, 2, 2]:ClaimNewOnion:1;
[ 0, 2, 2, 2]:Pick:1;
[ 3, 2, 3, 2]:InspectAfterPicking:1;
[ 1, 1, 1, 2]:PlaceOnConveyor:1;
ENDTRAJ
[ 0, 2, 3, 0]:InspectWithoutPicking:1;
[ 0, 0, 3, 1]:Pick:1;
[ 3, 0, 3, 1]:PlaceInBin:1;
[ 2, 2, 2, 1]:ClaimNextInList:1;
[ 0, 0, 2, 1]:Pick:1;
[ 3, 0, 3, 1]:PlaceInBin:1;
[ 2, 2, 2, 0]:InspectWithoutPicking:1;
[ 0, 0, 2, 1]:Pick:1;
[ 3, 0, 3, 1]:PlaceInBin:1;
[ 2, 2, 2, 0]:InspectWithoutPicking:1;
[ 0, 2, 2, 0]:InspectWithoutPicking:1;
[ 0, 0, 2, 1]:Pick:1;
[ 3, 0, 3, 1]:PlaceInBin:1;
[ 2, 2, 2, 1]:ClaimNextInList:1;
[ 0, 0, 2, 1]:Pick:1;
[ 3, 0, 3, 1]:PlaceInBin:1;
[ 2, 2, 2, 0]:InspectWithoutPicking:1;
[ 0, 0, 2, 1]:Pick:1;
[ 3, 0, 3, 1]:PlaceInBin:1;
[ 2, 2, 2, 1]:ClaimNextInList:1;
[ 0, 0, 2, 1]:Pick:1;
[ 3, 0, 3, 1]:PlaceInBin:1;
[ 2, 2, 2, 1]:ClaimNextInList:1;
[ 0, 0, 2, 1]:Pick:1;
[ 3, 0, 3, 1]:PlaceInBin:1;
[ 2, 2, 2, 1]:ClaimNextInList:1;
[ 0, 0, 2, 1]:Pick:1;
[ 3, 0, 3, 1]:PlaceInBin:1;
[ 2, 2, 2, 0]:InspectWithoutPicking:1;
[ 0, 0, 2, 1]:Pick:1;
[ 3, 0, 3, 1]:PlaceInBin:1;
[ 2, 2, 2, 1]:ClaimNextInList:1;
[ 0, 0, 2, 1]:Pick:1;
[ 3, 0, 3, 1]:PlaceInBin:1;
[ 2, 2, 2, 1]:ClaimNextInList:1;
[ 0, 0, 2, 1]:Pick:1;
[ 3, 0, 3, 1]:PlaceInBin:1;
[ 2, 2, 2, 1]:ClaimNextInList:1;
[ 0, 0, 2, 1]:Pick:1;
[ 0, 0, 2, 1]:Pick:1;
[ 3, 0, 3, 1]:PlaceInBin:1;
[ 2, 2, 2, 0]:InspectWithoutPicking:1;
[ 0, 0, 2, 1]:Pick:1;
[ 3, 0, 3, 1]:PlaceInBin:1;
[ 2, 2, 2, 1]:ClaimNextInList:1;
[ 0, 0, 2, 1]:Pick:1;
[ 3, 0, 3, 1]:PlaceInBin:1;
[ 2, 2, 2, 0]:InspectWithoutPicking:1;
[ 0, 0, 2, 1]:Pick:1;
[ 0, 0, 2, 1]:Pick:1;
ENDTRAJ
[ 0, 1, 0, 0]:Pick:1;
[ 0, 1, 0, 0]:Pick:1;
[ 3, 1, 3, 0]:PlaceOnConveyor:1;
[ 0, 2, 0, 2]:Pick:1;
[ 3, 2, 3, 2]:InspectAfterPicking:1;
[ 1, 1, 1, 2]:PlaceOnConveyor:1;
[ 0, 2, 0, 2]:Pick:1;
[ 3, 2, 3, 2]:InspectAfterPicking:1;
[ 1, 1, 1, 2]:PlaceOnConveyor:1;
[ 0, 2, 0, 2]:Pick:1;
[ 3, 2, 3, 2]:InspectAfterPicking:1;
[ 1, 1, 1, 2]:PlaceOnConveyor:1;
[ 0, 2, 0, 2]:Pick:1;
[ 3, 2, 3, 2]:InspectAfterPicking:1;
[ 1, 0, 1, 2]:PlaceInBin:1;
[ 2, 2, 2, 2]:ClaimNewOnion:1;
[ 0, 2, 2, 2]:Pick:1;
[ 3, 2, 3, 2]:InspectAfterPicking:1;
[ 1, 1, 1, 2]:PlaceOnConveyor:1;
[ 0, 2, 0, 2]:Pick:1;
[ 3, 2, 3, 2]:InspectAfterPicking:1;
[ 1, 1, 1, 2]:PlaceOnConveyor:1;
[ 0, 2, 0, 2]:Pick:1;
[ 3, 2, 3, 2]:InspectAfterPicking:1;
[ 1, 1, 1, 2]:PlaceOnConveyor:1;
[ 0, 2, 0, 2]:Pick:1;
[ 3, 2, 3, 2]:InspectAfterPicking:1;
[ 1, 1, 1, 2]:PlaceOnConveyor:1;
[ 0, 2, 0, 2]:Pick:1;
[ 3, 2, 3, 2]:InspectAfterPicking:1;
[ 1, 0, 1, 2]:PlaceInBin:1;
[ 2, 2, 2, 2]:ClaimNewOnion:1;
[ 0, 2, 2, 2]:Pick:1;
[ 3, 2, 3, 2]:InspectAfterPicking:1;
[ 1, 1, 1, 2]:PlaceOnConveyor:1;
[ 0, 2, 0, 2]:Pick:1;
[ 3, 2, 3, 2]:InspectAfterPicking:1;
[ 1, 0, 1, 2]:PlaceInBin:1;
[ 2, 2, 2, 2]:ClaimNewOnion:1;
[ 0, 2, 2, 2]:Pick:1;
[ 3, 2, 3, 2]:InspectAfterPicking:1;
[ 1, 1, 1, 2]:PlaceOnConveyor:1;
[ 0, 2, 0, 2]:Pick:1;
[ 3, 2, 3, 2]:InspectAfterPicking:1;
[ 1, 0, 1, 2]:PlaceInBin:1;
[ 2, 2, 2, 2]:ClaimNewOnion:1;
[ 2, 2, 2, 2]:ClaimNewOnion:1;
[ 0, 2, 2, 2]:Pick:1;
[ 0, 2, 2, 2]:Pick:1;
[ 3, 2, 3, 2]:InspectAfterPicking:1;
ENDTRAJ
[ 0, 1, 3, 0]:Pick:1;
[ 3, 1, 3, 0]:PlaceOnConveyor:1;
[ 0, 2, 0, 2]:Pick:1;
[ 3, 2, 3, 2]:InspectAfterPicking:1;
[ 1, 1, 1, 2]:PlaceOnConveyor:1;
[ 0, 2, 0, 2]:Pick:1;
[ 3, 2, 3, 2]:InspectAfterPicking:1;
[ 1, 1, 1, 2]:PlaceOnConveyor:1;
[ 0, 2, 0, 2]:Pick:1;
[ 3, 2, 3, 2]:InspectAfterPicking:1;
[ 1, 0, 1, 2]:PlaceInBin:1;
[ 2, 2, 2, 2]:ClaimNewOnion:1;
[ 0, 2, 2, 2]:Pick:1;
[ 3, 2, 3, 2]:InspectAfterPicking:1;
[ 1, 0, 1, 2]:PlaceInBin:1;
[ 2, 2, 2, 2]:ClaimNewOnion:1;
[ 0, 2, 2, 2]:Pick:1;
[ 3, 2, 3, 2]:InspectAfterPicking:1;
[ 1, 0, 1, 2]:PlaceInBin:1;
[ 2, 2, 2, 2]:ClaimNewOnion:1;
[ 2, 2, 2, 2]:ClaimNewOnion:1;
[ 0, 2, 2, 2]:Pick:1;
[ 3, 2, 3, 2]:InspectAfterPicking:1;
[ 1, 1, 1, 2]:PlaceOnConveyor:1;
[ 0, 2, 0, 2]:Pick:1;
[ 3, 2, 3, 2]:InspectAfterPicking:1;
[ 1, 0, 1, 2]:PlaceInBin:1;
[ 2, 2, 2, 2]:ClaimNewOnion:1;
[ 0, 2, 2, 2]:Pick:1;
[ 3, 2, 3, 2]:InspectAfterPicking:1;
[ 1, 0, 1, 2]:PlaceInBin:1;
[ 2, 2, 2, 2]:ClaimNewOnion:1;
[ 0, 2, 2, 2]:Pick:1;
[ 3, 2, 3, 2]:InspectAfterPicking:1;
[ 1, 1, 1, 2]:PlaceOnConveyor:1;
[ 0, 2, 0, 2]:Pick:1;
[ 3, 2, 3, 2]:InspectAfterPicking:1;
[ 1, 1, 1, 2]:PlaceOnConveyor:1;
[ 0, 2, 0, 2]:Pick:1;
[ 3, 2, 3, 2]:InspectAfterPicking:1;
[ 1, 0, 1, 2]:PlaceInBin:1;
[ 2, 2, 2, 2]:ClaimNewOnion:1;
[ 0, 2, 2, 2]:Pick:1;
[ 3, 2, 3, 2]:InspectAfterPicking:1;
[ 1, 1, 1, 2]:PlaceOnConveyor:1;
[ 0, 2, 0, 2]:Pick:1;
[ 3, 2, 3, 2]:InspectAfterPicking:1;
[ 1, 1, 1, 2]:PlaceOnConveyor:1;
[ 0, 2, 0, 2]:Pick:1;
[ 3, 2, 3, 2]:InspectAfterPicking:1;
ENDTRAJ
[ 0, 2, 0, 0]:InspectWithoutPicking:1;
[ 0, 0, 0, 1]:Pick:1;
[ 3, 0, 3, 1]:PlaceInBin:1;
[ 2, 2, 2, 0]:InspectWithoutPicking:1;
[ 0, 0, 2, 1]:Pick:1;
[ 3, 0, 3, 1]:PlaceInBin:1;
[ 2, 2, 2, 0]:InspectWithoutPicking:1;
[ 0, 0, 2, 1]:Pick:1;
[ 3, 0, 3, 1]:PlaceInBin:1;
[ 2, 2, 2, 0]:InspectWithoutPicking:1;
[ 0, 0, 2, 1]:Pick:1;
[ 3, 0, 3, 1]:PlaceInBin:1;
[ 2, 2, 2, 1]:ClaimNextInList:1;
[ 0, 0, 2, 1]:Pick:1;
[ 3, 0, 3, 1]:PlaceInBin:1;
[ 2, 2, 2, 0]:InspectWithoutPicking:1;
[ 0, 0, 2, 1]:Pick:1;
[ 3, 0, 3, 1]:PlaceInBin:1;
[ 2, 2, 2, 1]:ClaimNextInList:1;
[ 0, 0, 2, 1]:Pick:1;
[ 3, 0, 3, 1]:PlaceInBin:1;
[ 2, 2, 2, 0]:InspectWithoutPicking:1;
[ 0, 0, 2, 1]:Pick:1;
[ 3, 0, 3, 1]:PlaceInBin:1;
[ 2, 2, 2, 0]:InspectWithoutPicking:1;
[ 0, 0, 2, 1]:Pick:1;
[ 3, 0, 3, 1]:PlaceInBin:1;
[ 2, 2, 2, 1]:ClaimNextInList:1;
[ 0, 0, 2, 1]:Pick:1;
[ 3, 0, 3, 1]:PlaceInBin:1;
[ 2, 2, 2, 1]:ClaimNextInList:1;
[ 0, 0, 2, 1]:Pick:1;
[ 3, 0, 3, 1]:PlaceInBin:1;
[ 2, 2, 2, 1]:ClaimNextInList:1;
[ 0, 0, 2, 1]:Pick:1;
[ 3, 0, 3, 1]:PlaceInBin:1;
[ 2, 2, 2, 1]:ClaimNextInList:1;
[ 0, 0, 2, 1]:Pick:1;
[ 3, 0, 3, 1]:PlaceInBin:1;
[ 2, 2, 2, 1]:ClaimNextInList:1;
[ 0, 0, 2, 1]:Pick:1;
[ 3, 0, 3, 1]:PlaceInBin:1;
[ 2, 2, 2, 0]:InspectWithoutPicking:1;
[ 0, 0, 2, 1]:Pick:1;
[ 3, 0, 3, 1]:PlaceInBin:1;
[ 2, 2, 2, 1]:ClaimNextInList:1;
[ 0, 0, 2, 1]:Pick:1;
[ 3, 0, 3, 1]:PlaceInBin:1;
[ 2, 2, 2, 0]:InspectWithoutPicking:1;
[ 0, 0, 2, 1]:Pick:1;
ENDTRAJ
[ 0, 1, 2, 0]:Pick:1;
[ 3, 1, 3, 0]:PlaceOnConveyor:1;
[ 0, 2, 0, 2]:Pick:1;
[ 3, 2, 3, 2]:InspectAfterPicking:1;
[ 1, 1, 1, 2]:PlaceOnConveyor:1;
[ 0, 2, 0, 2]:Pick:1;
[ 3, 2, 3, 2]:InspectAfterPicking:1;
[ 1, 1, 1, 2]:PlaceOnConveyor:1;
[ 0, 2, 0, 2]:Pick:1;
[ 3, 2, 3, 2]:InspectAfterPicking:1;
[ 1, 0, 1, 2]:PlaceInBin:1;
[ 2, 2, 2, 2]:ClaimNewOnion:1;
[ 0, 2, 2, 2]:Pick:1;
[ 3, 2, 3, 2]:InspectAfterPicking:1;
[ 1, 0, 1, 2]:PlaceInBin:1;
[ 2, 2, 2, 2]:ClaimNewOnion:1;
[ 0, 2, 2, 2]:Pick:1;
[ 3, 2, 3, 2]:InspectAfterPicking:1;
[ 1, 1, 1, 2]:PlaceOnConveyor:1;
[ 0, 2, 0, 2]:Pick:1;
[ 3, 2, 3, 2]:InspectAfterPicking:1;
[ 1, 1, 1, 2]:PlaceOnConveyor:1;
[ 0, 2, 0, 2]:Pick:1;
[ 3, 2, 3, 2]:InspectAfterPicking:1;
[ 1, 0, 1, 2]:PlaceInBin:1;
[ 2, 2, 2, 2]:ClaimNewOnion:1;
[ 0, 2, 2, 2]:Pick:1;
[ 3, 2, 3, 2]:InspectAfterPicking:1;
[ 1, 1, 1, 2]:PlaceOnConveyor:1;
[ 0, 2, 0, 2]:Pick:1;
[ 3, 2, 3, 2]:InspectAfterPicking:1;
[ 3, 2, 3, 2]:InspectAfterPicking:1;
[ 1, 1, 1, 2]:PlaceOnConveyor:1;
[ 0, 2, 0, 2]:Pick:1;
[ 0, 2, 0, 2]:Pick:1;
[ 3, 2, 3, 2]:InspectAfterPicking:1;
[ 1, 1, 1, 2]:PlaceOnConveyor:1;
[ 0, 2, 0, 2]:Pick:1;
[ 3, 2, 3, 2]:InspectAfterPicking:1;
[ 1, 0, 1, 2]:PlaceInBin:1;
[ 2, 2, 2, 2]:ClaimNewOnion:1;
[ 0, 2, 2, 2]:Pick:1;
[ 3, 2, 3, 2]:InspectAfterPicking:1;
[ 1, 0, 1, 2]:PlaceInBin:1;
[ 2, 2, 2, 2]:ClaimNewOnion:1;
[ 0, 2, 2, 2]:Pick:1;
[ 3, 2, 3, 2]:InspectAfterPicking:1;
[ 1, 1, 1, 2]:PlaceOnConveyor:1;
[ 0, 2, 0, 2]:Pick:1;
[ 3, 2, 3, 2]:InspectAfterPicking:1;
ENDTRAJ
[ 0, 1, 2, 0]:Pick:1;
[ 3, 1, 3, 0]:PlaceOnConveyor:1;
[ 0, 2, 0, 2]:Pick:1;
[ 3, 2, 3, 2]:InspectAfterPicking:1;
[ 1, 1, 1, 2]:PlaceOnConveyor:1;
[ 0, 2, 0, 2]:Pick:1;
[ 3, 2, 3, 2]:InspectAfterPicking:1;
[ 1, 0, 1, 2]:PlaceInBin:1;
[ 2, 2, 2, 2]:ClaimNewOnion:1;
[ 0, 2, 2, 2]:Pick:1;
[ 3, 2, 3, 2]:InspectAfterPicking:1;
[ 1, 1, 1, 2]:PlaceOnConveyor:1;
[ 0, 2, 0, 2]:Pick:1;
[ 3, 2, 3, 2]:InspectAfterPicking:1;
[ 1, 0, 1, 2]:PlaceInBin:1;
[ 2, 2, 2, 2]:ClaimNewOnion:1;
[ 0, 2, 2, 2]:Pick:1;
[ 3, 2, 3, 2]:InspectAfterPicking:1;
[ 1, 1, 1, 2]:PlaceOnConveyor:1;
[ 0, 2, 0, 2]:Pick:1;
[ 3, 2, 3, 2]:InspectAfterPicking:1;
[ 1, 0, 1, 2]:PlaceInBin:1;
[ 2, 2, 2, 2]:ClaimNewOnion:1;
[ 0, 2, 2, 2]:Pick:1;
[ 3, 2, 3, 2]:InspectAfterPicking:1;
[ 1, 1, 1, 2]:PlaceOnConveyor:1;
[ 0, 2, 0, 2]:Pick:1;
[ 3, 2, 3, 2]:InspectAfterPicking:1;
[ 1, 1, 1, 2]:PlaceOnConveyor:1;
[ 0, 2, 0, 2]:Pick:1;
[ 3, 2, 3, 2]:InspectAfterPicking:1;
[ 1, 0, 1, 2]:PlaceInBin:1;
[ 2, 2, 2, 2]:ClaimNewOnion:1;
[ 0, 2, 2, 2]:Pick:1;
[ 3, 2, 3, 2]:InspectAfterPicking:1;
[ 1, 0, 1, 2]:PlaceInBin:1;
[ 2, 2, 2, 2]:ClaimNewOnion:1;
[ 0, 2, 2, 2]:Pick:1;
[ 3, 2, 3, 2]:InspectAfterPicking:1;
[ 1, 0, 1, 2]:PlaceInBin:1;
[ 2, 2, 2, 2]:ClaimNewOnion:1;
[ 0, 2, 2, 2]:Pick:1;
[ 3, 2, 3, 2]:InspectAfterPicking:1;
[ 1, 0, 1, 2]:PlaceInBin:1;
[ 2, 2, 2, 2]:ClaimNewOnion:1;
[ 0, 2, 2, 2]:Pick:1;
[ 3, 2, 3, 2]:InspectAfterPicking:1;
[ 1, 1, 1, 2]:PlaceOnConveyor:1;
[ 0, 2, 0, 2]:Pick:1;
[ 3, 2, 3, 2]:InspectAfterPicking:1;
ENDTRAJ
[ 0, 2, 3, 0]:InspectWithoutPicking:1;
[ 0, 2, 3, 0]:InspectWithoutPicking:1;
[ 0, 0, 3, 1]:Pick:1;
[ 3, 0, 3, 1]:PlaceInBin:1;
[ 2, 2, 2, 1]:ClaimNextInList:1;
[ 0, 0, 2, 1]:Pick:1;
[ 3, 0, 3, 1]:PlaceInBin:1;
[ 2, 2, 2, 1]:ClaimNextInList:1;
[ 2, 2, 2, 1]:ClaimNextInList:1;
[ 0, 0, 2, 1]:Pick:1;
[ 3, 0, 3, 1]:PlaceInBin:1;
[ 2, 2, 2, 1]:ClaimNextInList:1;
[ 0, 0, 2, 1]:Pick:1;
[ 3, 0, 3, 1]:PlaceInBin:1;
[ 2, 2, 2, 0]:InspectWithoutPicking:1;
[ 2, 2, 2, 0]:InspectWithoutPicking:1;
[ 0, 0, 2, 1]:Pick:1;
[ 3, 0, 3, 1]:PlaceInBin:1;
[ 2, 2, 2, 0]:InspectWithoutPicking:1;
[ 0, 0, 2, 1]:Pick:1;
[ 3, 0, 3, 1]:PlaceInBin:1;
[ 2, 2, 2, 1]:ClaimNextInList:1;
[ 2, 2, 2, 1]:ClaimNextInList:1;
[ 0, 0, 2, 1]:Pick:1;
[ 3, 0, 3, 1]:PlaceInBin:1;
[ 2, 2, 2, 1]:ClaimNextInList:1;
[ 0, 0, 2, 1]:Pick:1;
[ 3, 0, 3, 1]:PlaceInBin:1;
[ 2, 2, 2, 1]:ClaimNextInList:1;
[ 0, 0, 2, 1]:Pick:1;
[ 3, 0, 3, 1]:PlaceInBin:1;
[ 2, 2, 2, 1]:ClaimNextInList:1;
[ 0, 0, 2, 1]:Pick:1;
[ 0, 0, 2, 1]:Pick:1;
[ 3, 0, 3, 1]:PlaceInBin:1;
[ 2, 2, 2, 1]:ClaimNextInList:1;
[ 0, 0, 2, 1]:Pick:1;
[ 3, 0, 3, 1]:PlaceInBin:1;
[ 2, 2, 2, 0]:InspectWithoutPicking:1;
[ 0, 0, 2, 1]:Pick:1;
[ 3, 0, 3, 1]:PlaceInBin:1;
[ 2, 2, 2, 1]:ClaimNextInList:1;
[ 0, 0, 2, 1]:Pick:1;
[ 3, 0, 3, 1]:PlaceInBin:1;
[ 2, 2, 2, 1]:ClaimNextInList:1;
[ 0, 0, 2, 1]:Pick:1;
[ 3, 0, 3, 1]:PlaceInBin:1;
[ 2, 2, 2, 0]:InspectWithoutPicking:1;
[ 0, 0, 2, 1]:Pick:1;
[ 3, 0, 3, 1]:PlaceInBin:1;
ENDTRAJ
[ 0, 1, 2, 0]:Pick:1;
[ 3, 1, 3, 0]:PlaceOnConveyor:1;
[ 0, 2, 0, 2]:Pick:1;
[ 3, 2, 3, 2]:InspectAfterPicking:1;
[ 1, 1, 1, 2]:PlaceOnConveyor:1;
[ 0, 2, 0, 2]:Pick:1;
[ 3, 2, 3, 2]:InspectAfterPicking:1;
[ 1, 0, 1, 2]:PlaceInBin:1;
[ 2, 2, 2, 2]:ClaimNewOnion:1;
[ 0, 2, 2, 2]:Pick:1;
[ 3, 2, 3, 2]:InspectAfterPicking:1;
[ 1, 1, 1, 2]:PlaceOnConveyor:1;
[ 0, 2, 0, 2]:Pick:1;
[ 3, 2, 3, 2]:InspectAfterPicking:1;
[ 1, 0, 1, 2]:PlaceInBin:1;
[ 2, 2, 2, 2]:ClaimNewOnion:1;
[ 0, 2, 2, 2]:Pick:1;
[ 3, 2, 3, 2]:InspectAfterPicking:1;
[ 1, 0, 1, 2]:PlaceInBin:1;
[ 2, 2, 2, 2]:ClaimNewOnion:1;
[ 0, 2, 2, 2]:Pick:1;
[ 3, 2, 3, 2]:InspectAfterPicking:1;
[ 1, 0, 1, 2]:PlaceInBin:1;
[ 2, 2, 2, 2]:ClaimNewOnion:1;
[ 0, 2, 2, 2]:Pick:1;
[ 3, 2, 3, 2]:InspectAfterPicking:1;
[ 1, 0, 1, 2]:PlaceInBin:1;
[ 2, 2, 2, 2]:ClaimNewOnion:1;
[ 0, 2, 2, 2]:Pick:1;
[ 3, 2, 3, 2]:InspectAfterPicking:1;
[ 1, 0, 1, 2]:PlaceInBin:1;
[ 1, 0, 1, 2]:PlaceInBin:1;
[ 2, 2, 2, 2]:ClaimNewOnion:1;
[ 0, 2, 2, 2]:Pick:1;
[ 3, 2, 3, 2]:InspectAfterPicking:1;
[ 1, 1, 1, 2]:PlaceOnConveyor:1;
[ 0, 2, 0, 2]:Pick:1;
[ 3, 2, 3, 2]:InspectAfterPicking:1;
[ 1, 0, 1, 2]:PlaceInBin:1;
[ 2, 2, 2, 2]:ClaimNewOnion:1;
[ 0, 2, 2, 2]:Pick:1;
[ 3, 2, 3, 2]:InspectAfterPicking:1;
[ 1, 0, 1, 2]:PlaceInBin:1;
[ 2, 2, 2, 2]:ClaimNewOnion:1;
[ 2, 2, 2, 2]:ClaimNewOnion:1;
[ 0, 2, 2, 2]:Pick:1;
[ 3, 2, 3, 2]:InspectAfterPicking:1;
[ 1, 1, 1, 2]:PlaceOnConveyor:1;
[ 0, 2, 0, 2]:Pick:1;
[ 3, 2, 3, 2]:InspectAfterPicking:1;
ENDTRAJ
[ 0, 2, 0, 0]:InspectWithoutPicking:1;
[ 0, 2, 0, 0]:InspectWithoutPicking:1;
[ 0, 0, 0, 1]:Pick:1;
[ 3, 0, 3, 1]:PlaceInBin:1;
[ 2, 2, 2, 0]:InspectWithoutPicking:1;
[ 0, 0, 2, 1]:Pick:1;
[ 3, 0, 3, 1]:PlaceInBin:1;
[ 2, 2, 2, 0]:InspectWithoutPicking:1;
[ 0, 0, 2, 1]:Pick:1;
[ 3, 0, 3, 1]:PlaceInBin:1;
[ 2, 2, 2, 1]:ClaimNextInList:1;
[ 0, 0, 2, 1]:Pick:1;
[ 3, 0, 3, 1]:PlaceInBin:1;
[ 2, 2, 2, 1]:ClaimNextInList:1;
[ 0, 0, 2, 1]:Pick:1;
[ 3, 0, 3, 1]:PlaceInBin:1;
[ 2, 2, 2, 1]:ClaimNextInList:1;
[ 0, 0, 2, 1]:Pick:1;
[ 3, 0, 3, 1]:PlaceInBin:1;
[ 2, 2, 2, 0]:InspectWithoutPicking:1;
[ 0, 0, 2, 1]:Pick:1;
[ 3, 0, 3, 1]:PlaceInBin:1;
[ 2, 2, 2, 0]:InspectWithoutPicking:1;
[ 0, 0, 2, 1]:Pick:1;
[ 3, 0, 3, 1]:PlaceInBin:1;
[ 2, 2, 2, 1]:ClaimNextInList:1;
[ 0, 0, 2, 1]:Pick:1;
[ 3, 0, 3, 1]:PlaceInBin:1;
[ 2, 2, 2, 1]:ClaimNextInList:1;
[ 0, 0, 2, 1]:Pick:1;
[ 3, 0, 3, 1]:PlaceInBin:1;
[ 2, 2, 2, 0]:InspectWithoutPicking:1;
[ 0, 0, 2, 1]:Pick:1;
[ 3, 0, 3, 1]:PlaceInBin:1;
[ 2, 2, 2, 1]:ClaimNextInList:1;
[ 0, 0, 2, 1]:Pick:1;
[ 3, 0, 3, 1]:PlaceInBin:1;
[ 2, 2, 2, 1]:ClaimNextInList:1;
[ 0, 0, 2, 1]:Pick:1;
[ 3, 0, 3, 1]:PlaceInBin:1;
[ 2, 2, 2, 0]:InspectWithoutPicking:1;
[ 0, 0, 2, 1]:Pick:1;
[ 3, 0, 3, 1]:PlaceInBin:1;
[ 2, 2, 2, 0]:InspectWithoutPicking:1;
[ 0, 0, 2, 1]:Pick:1;
[ 3, 0, 3, 1]:PlaceInBin:1;
[ 2, 2, 2, 1]:ClaimNextInList:1;
[ 0, 0, 2, 1]:Pick:1;
[ 3, 0, 3, 1]:PlaceInBin:1;
[ 2, 2, 2, 1]:ClaimNextInList:1;
ENDTRAJ
[ 0, 2, 0, 0]:InspectWithoutPicking:1;
[ 0, 0, 0, 1]:Pick:1;
[ 3, 0, 3, 1]:PlaceInBin:1;
[ 2, 2, 2, 1]:ClaimNextInList:1;
[ 0, 0, 2, 1]:Pick:1;
[ 3, 0, 3, 1]:PlaceInBin:1;
[ 2, 2, 2, 0]:InspectWithoutPicking:1;
[ 0, 0, 2, 1]:Pick:1;
[ 3, 0, 3, 1]:PlaceInBin:1;
[ 2, 2, 2, 1]:ClaimNextInList:1;
[ 0, 0, 2, 1]:Pick:1;
[ 3, 0, 3, 1]:PlaceInBin:1;
[ 3, 0, 3, 1]:PlaceInBin:1;
[ 2, 2, 2, 0]:InspectWithoutPicking:1;
[ 0, 0, 2, 1]:Pick:1;
[ 3, 0, 3, 1]:PlaceInBin:1;
[ 2, 2, 2, 1]:ClaimNextInList:1;
[ 0, 0, 2, 1]:Pick:1;
[ 3, 0, 3, 1]:PlaceInBin:1;
[ 2, 2, 2, 0]:InspectWithoutPicking:1;
[ 0, 0, 2, 1]:Pick:1;
[ 3, 0, 3, 1]:PlaceInBin:1;
[ 2, 2, 2, 1]:ClaimNextInList:1;
[ 0, 0, 2, 1]:Pick:1;
[ 3, 0, 3, 1]:PlaceInBin:1;
[ 2, 2, 2, 0]:InspectWithoutPicking:1;
[ 0, 2, 2, 0]:InspectWithoutPicking:1;
[ 0, 0, 2, 1]:Pick:1;
[ 3, 0, 3, 1]:PlaceInBin:1;
[ 2, 2, 2, 1]:ClaimNextInList:1;
[ 0, 0, 2, 1]:Pick:1;
[ 3, 0, 3, 1]:PlaceInBin:1;
[ 2, 2, 2, 0]:InspectWithoutPicking:1;
[ 0, 0, 2, 1]:Pick:1;
[ 3, 0, 3, 1]:PlaceInBin:1;
[ 2, 2, 2, 0]:InspectWithoutPicking:1;
[ 2, 2, 2, 0]:InspectWithoutPicking:1;
[ 0, 0, 2, 1]:Pick:1;
[ 3, 0, 3, 1]:PlaceInBin:1;
[ 2, 2, 2, 1]:ClaimNextInList:1;
[ 0, 0, 2, 1]:Pick:1;
[ 3, 0, 3, 1]:PlaceInBin:1;
[ 2, 2, 2, 1]:ClaimNextInList:1;
[ 0, 0, 2, 1]:Pick:1;
[ 3, 0, 3, 1]:PlaceInBin:1;
[ 2, 2, 2, 0]:InspectWithoutPicking:1;
[ 0, 0, 2, 1]:Pick:1;
[ 3, 0, 3, 1]:PlaceInBin:1;
[ 2, 2, 2, 1]:ClaimNextInList:1;
[ 2, 2, 2, 1]:ClaimNextInList:1;
ENDTRAJ
[ 0, 2, 3, 0]:InspectWithoutPicking:1;
[ 0, 0, 3, 1]:Pick:1;
[ 3, 0, 3, 1]:PlaceInBin:1;
[ 2, 2, 2, 1]:ClaimNextInList:1;
[ 0, 0, 2, 1]:Pick:1;
[ 3, 0, 3, 1]:PlaceInBin:1;
[ 2, 2, 2, 1]:ClaimNextInList:1;
[ 0, 0, 2, 1]:Pick:1;
[ 3, 0, 3, 1]:PlaceInBin:1;
[ 2, 2, 2, 1]:ClaimNextInList:1;
[ 0, 0, 2, 1]:Pick:1;
[ 0, 0, 2, 1]:Pick:1;
[ 3, 0, 3, 1]:PlaceInBin:1;
[ 2, 2, 2, 1]:ClaimNextInList:1;
[ 0, 0, 2, 1]:Pick:1;
[ 3, 0, 3, 1]:PlaceInBin:1;
[ 2, 2, 2, 1]:ClaimNextInList:1;
[ 0, 0, 2, 1]:Pick:1;
[ 3, 0, 3, 1]:PlaceInBin:1;
[ 2, 2, 2, 1]:ClaimNextInList:1;
[ 0, 0, 2, 1]:Pick:1;
[ 3, 0, 3, 1]:PlaceInBin:1;
[ 2, 2, 2, 0]:InspectWithoutPicking:1;
[ 0, 0, 2, 1]:Pick:1;
[ 3, 0, 3, 1]:PlaceInBin:1;
[ 2, 2, 2, 0]:InspectWithoutPicking:1;
[ 0, 0, 2, 1]:Pick:1;
[ 3, 0, 3, 1]:PlaceInBin:1;
[ 2, 2, 2, 0]:InspectWithoutPicking:1;
[ 0, 0, 2, 1]:Pick:1;
[ 3, 0, 3, 1]:PlaceInBin:1;
[ 2, 2, 2, 1]:ClaimNextInList:1;
[ 0, 0, 2, 1]:Pick:1;
[ 3, 0, 3, 1]:PlaceInBin:1;
[ 2, 2, 2, 0]:InspectWithoutPicking:1;
[ 2, 2, 2, 0]:InspectWithoutPicking:1;
[ 0, 0, 2, 1]:Pick:1;
[ 3, 0, 3, 1]:PlaceInBin:1;
[ 2, 2, 2, 0]:InspectWithoutPicking:1;
[ 0, 0, 2, 1]:Pick:1;
[ 3, 0, 3, 1]:PlaceInBin:1;
[ 2, 2, 2, 1]:ClaimNextInList:1;
[ 0, 0, 2, 1]:Pick:1;
[ 3, 0, 3, 1]:PlaceInBin:1;
[ 2, 2, 2, 1]:ClaimNextInList:1;
[ 0, 0, 2, 1]:Pick:1;
[ 3, 0, 3, 1]:PlaceInBin:1;
[ 2, 2, 2, 0]:InspectWithoutPicking:1;
[ 0, 0, 2, 1]:Pick:1;
[ 3, 0, 3, 1]:PlaceInBin:1;
ENDTRAJ
[ 0, 1, 1, 0]:Pick:1;
[ 3, 1, 3, 0]:PlaceOnConveyor:1;
[ 0, 2, 0, 2]:Pick:1;
[ 3, 2, 3, 2]:InspectAfterPicking:1;
[ 1, 0, 1, 2]:PlaceInBin:1;
[ 2, 2, 2, 2]:ClaimNewOnion:1;
[ 0, 2, 2, 2]:Pick:1;
[ 3, 2, 3, 2]:InspectAfterPicking:1;
[ 1, 0, 1, 2]:PlaceInBin:1;
[ 2, 2, 2, 2]:ClaimNewOnion:1;
[ 0, 2, 2, 2]:Pick:1;
[ 3, 2, 3, 2]:InspectAfterPicking:1;
[ 1, 1, 1, 2]:PlaceOnConveyor:1;
[ 0, 2, 0, 2]:Pick:1;
[ 3, 2, 3, 2]:InspectAfterPicking:1;
[ 3, 2, 3, 2]:InspectAfterPicking:1;
[ 1, 0, 1, 2]:PlaceInBin:1;
[ 2, 2, 2, 2]:ClaimNewOnion:1;
[ 0, 2, 2, 2]:Pick:1;
[ 3, 2, 3, 2]:InspectAfterPicking:1;
[ 1, 1, 1, 2]:PlaceOnConveyor:1;
[ 0, 2, 0, 2]:Pick:1;
[ 3, 2, 3, 2]:InspectAfterPicking:1;
[ 1, 0, 1, 2]:PlaceInBin:1;
[ 2, 2, 2, 2]:ClaimNewOnion:1;
[ 0, 2, 2, 2]:Pick:1;
[ 3, 2, 3, 2]:InspectAfterPicking:1;
[ 1, 1, 1, 2]:PlaceOnConveyor:1;
[ 0, 2, 0, 2]:Pick:1;
[ 3, 2, 3, 2]:InspectAfterPicking:1;
[ 1, 0, 1, 2]:PlaceInBin:1;
[ 2, 2, 2, 2]:ClaimNewOnion:1;
[ 0, 2, 2, 2]:Pick:1;
[ 3, 2, 3, 2]:InspectAfterPicking:1;
[ 1, 1, 1, 2]:PlaceOnConveyor:1;
[ 0, 2, 0, 2]:Pick:1;
[ 3, 2, 3, 2]:InspectAfterPicking:1;
[ 1, 1, 1, 2]:PlaceOnConveyor:1;
[ 0, 2, 0, 2]:Pick:1;
[ 3, 2, 3, 2]:InspectAfterPicking:1;
[ 1, 1, 1, 2]:PlaceOnConveyor:1;
[ 0, 2, 0, 2]:Pick:1;
[ 3, 2, 3, 2]:InspectAfterPicking:1;
[ 1, 1, 1, 2]:PlaceOnConveyor:1;
[ 0, 2, 0, 2]:Pick:1;
[ 3, 2, 3, 2]:InspectAfterPicking:1;
[ 3, 2, 3, 2]:InspectAfterPicking:1;
[ 1, 1, 1, 2]:PlaceOnConveyor:1;
[ 0, 2, 0, 2]:Pick:1;
[ 3, 2, 3, 2]:InspectAfterPicking:1;
ENDTRAJ
ENDDEMO
[0, 0, 0, 0, 0, 0, 0, 0, 0, 0, 0, 0, 0, 0, 0, 0, 1, 1, 1, 1, 1, 1, 1, 1, 1, 1, 1, 1, 1, 1, 1, 1, 2, 2, 2, 2, 2, 2, 2, 2, 2, 2, 2, 2, 2, 2, 2, 2]
3
[0.13986013986013984, 0.069930069930069921, 0.13986013986013984, 0.069930069930069921, 0.013986013986013986, 0.006993006993006993, 0.0, 0.27972027972027969, 0.0, 0.0, 0.27972027972027969]
[0.0, 0.14184397163120568, 0.0, 0.14184397163120568, 0.0070921985815602844, 0.0, 0.28368794326241137, 0.0, 0.28368794326241137, 0.14184397163120568, 0.0]
[0.0, 0.0, 0.0, 0.0, 0.0, 1.0, 0.0, 0.0, 0.0, 0.0, 0.0]
