created statesList
created states 
reward_weights [0, 0, 0, 0, 0, 1, 0, 0, 0, 0, 0]
s,a,s_prime
[0, 2, 0, 0 ]InspectWithoutPicking[0, 0, 0, 1 ]
s,a,s_prime
[0, 2, 0, 0 ]InspectWithoutPicking[0, 2, 0, 0 ]
s,a,s_prime
[0, 2, 0, 0 ]Pick[3, 2, 3, 0 ]
s,a,s_prime
[0, 2, 0, 0 ]Pick[0, 2, 0, 0 ]
s,a,s_prime
[3, 2, 3, 0 ]InspectAfterPicking[1, 1, 1, 2 ]
s,a,s_prime
[3, 2, 3, 0 ]InspectAfterPicking[3, 2, 3, 0 ]
s,a,s_prime
[1, 0, 1, 2 ]PlaceInBin[1, 0, 1, 2 ]
s,a,s_prime
[1, 0, 1, 2 ]PlaceInBin[2, 2, 2, 2 ]
s,a,s_prime
[2, 2, 2, 2 ]ClaimNewOnion[0, 2, 2, 2 ]
s,a,s_prime
[2, 2, 2, 2 ]ClaimNewOnion[2, 2, 2, 2 ]
s,a,s_prime
[0, 2, 2, 2 ]Pick[0, 2, 2, 2 ]
s,a,s_prime
[0, 2, 2, 2 ]Pick[3, 2, 3, 2 ]
s,a,s_prime
[3, 2, 3, 2 ]InspectAfterPicking[1, 0, 1, 2 ]
s,a,s_prime
[3, 2, 3, 2 ]InspectAfterPicking[3, 2, 3, 2 ]
s,a,s_prime
[1, 1, 1, 2 ]PlaceOnConveyor[1, 1, 1, 2 ]
s,a,s_prime
[1, 1, 1, 2 ]PlaceOnConveyor[0, 2, 0, 2 ]
s,a,s_prime
[0, 0, 0, 1 ]Pick[3, 0, 3, 1 ]
s,a,s_prime
[0, 0, 0, 1 ]Pick[0, 0, 0, 1 ]
s,a,s_prime
[3, 0, 3, 1 ]PlaceInBin[3, 0, 3, 1 ]
s,a,s_prime
[3, 0, 3, 1 ]PlaceInBin[2, 2, 2, 1 ]
s,a,s_prime
[2, 2, 2, 1 ]ClaimNextInList[0, 0, 2, 1 ]
s,a,s_prime
[2, 2, 2, 1 ]ClaimNextInList[2, 2, 2, 1 ]
s,a,s_prime
[0, 0, 2, 1 ]Pick[3, 0, 3, 1 ]
s,a,s_prime
[0, 0, 2, 1 ]Pick[0, 0, 2, 1 ]
s,a,s_prime
[2, 2, 2, 0 ]InspectWithoutPicking[0, 0, 2, 1 ]
s,a,s_prime
[2, 2, 2, 0 ]InspectWithoutPicking[2, 2, 2, 0 ]
s,a,s_prime
[0, 2, 0, 2 ]Pick[3, 2, 3, 2 ]
s,a,s_prime
[0, 2, 0, 2 ]Pick[0, 2, 0, 2 ]
s,a,s_prime
[0, 2, 2, 0 ]InspectWithoutPicking[0, 2, 2, 0 ]
s,a,s_prime
[0, 2, 2, 0 ]InspectWithoutPicking[0, 0, 2, 1 ]
s,a,s_prime
[0, 2, 2, 0 ]Pick[0, 2, 2, 0 ]
s,a,s_prime
[0, 2, 2, 0 ]Pick[3, 2, 3, 0 ]
s,a,s_prime
[0, 1, 0, 0 ]InspectWithoutPicking[0, 0, 0, 1 ]
s,a,s_prime
[0, 1, 0, 0 ]InspectWithoutPicking[0, 1, 0, 0 ]
s,a,s_prime
[0, 1, 0, 0 ]Pick[3, 1, 3, 0 ]
s,a,s_prime
[0, 1, 0, 0 ]Pick[0, 1, 0, 0 ]
s,a,s_prime
[0, 1, 1, 0 ]InspectWithoutPicking[0, 1, 1, 0 ]
s,a,s_prime
[0, 1, 1, 0 ]InspectWithoutPicking[0, 0, 1, 1 ]
s,a,s_prime
[0, 1, 1, 0 ]Pick[0, 1, 1, 0 ]
s,a,s_prime
[0, 1, 1, 0 ]Pick[3, 1, 3, 0 ]
s,a,s_prime
[0, 1, 2, 0 ]InspectWithoutPicking[0, 0, 2, 1 ]
s,a,s_prime
[0, 1, 2, 0 ]InspectWithoutPicking[0, 1, 2, 0 ]
s,a,s_prime
[0, 1, 2, 0 ]Pick[3, 1, 3, 0 ]
s,a,s_prime
[0, 1, 2, 0 ]Pick[0, 1, 2, 0 ]
s,a,s_prime
[0, 1, 3, 0 ]InspectWithoutPicking[0, 0, 3, 1 ]
s,a,s_prime
[0, 1, 3, 0 ]InspectWithoutPicking[0, 1, 3, 0 ]
s,a,s_prime
[0, 1, 3, 0 ]Pick[3, 1, 3, 0 ]
s,a,s_prime
[0, 1, 3, 0 ]Pick[0, 1, 3, 0 ]
s,a,s_prime
[0, 2, 1, 0 ]InspectWithoutPicking[0, 2, 1, 0 ]
s,a,s_prime
[0, 2, 1, 0 ]InspectWithoutPicking[0, 0, 1, 1 ]
s,a,s_prime
[0, 2, 1, 0 ]Pick[0, 2, 1, 0 ]
s,a,s_prime
[0, 2, 1, 0 ]Pick[3, 2, 3, 0 ]
s,a,s_prime
[0, 2, 3, 0 ]InspectWithoutPicking[0, 0, 3, 1 ]
s,a,s_prime
[0, 2, 3, 0 ]InspectWithoutPicking[0, 2, 3, 0 ]
s,a,s_prime
[0, 2, 3, 0 ]Pick[3, 2, 3, 0 ]
s,a,s_prime
[0, 2, 3, 0 ]Pick[0, 2, 3, 0 ]
s,a,s_prime
[3, 1, 3, 0 ]PlaceOnConveyor[3, 1, 3, 0 ]
s,a,s_prime
[3, 1, 3, 0 ]PlaceOnConveyor[0, 2, 0, 2 ]
s,a,s_prime
[0, 0, 1, 1 ]Pick[3, 0, 3, 1 ]
s,a,s_prime
[0, 0, 1, 1 ]Pick[0, 0, 1, 1 ]
s,a,s_prime
[0, 0, 3, 1 ]Pick[3, 0, 3, 1 ]
s,a,s_prime
[0, 0, 3, 1 ]Pick[0, 0, 3, 1 ]
[0,2,0,0] = InspectWithoutPicking
[3,2,3,0] = InspectAfterPicking
[1,0,1,2] = PlaceInBin
[2,2,2,2] = ClaimNewOnion
[0,2,2,2] = Pick
[3,2,3,2] = InspectAfterPicking
[1,1,1,2] = PlaceOnConveyor
[0,0,0,1] = Pick
[3,0,3,1] = PlaceInBin
[2,2,2,1] = ClaimNextInList
[0,0,2,1] = Pick
[2,2,2,0] = InspectWithoutPicking
[0,2,0,2] = Pick
[0,2,2,0] = InspectWithoutPicking
[0,1,0,0] = Pick
[0,1,1,0] = Pick
[0,1,2,0] = Pick
[0,1,3,0] = Pick
[0,2,1,0] = InspectWithoutPicking
[0,2,3,0] = InspectWithoutPicking
[3,1,3,0] = PlaceOnConveyor
[0,0,1,1] = Pick
[0,0,3,1] = Pick
