[0,0,0,0] = Pick
[0,0,0,1] = Pick
[0,0,0,2] = Pick
[0,0,1,0] = Pick
[0,0,1,1] = Pick
[0,0,1,2] = Pick
[0,0,2,0] = Pick
[0,0,2,1] = Pick
[0,0,2,2] = Pick
[0,0,3,0] = Pick
[0,0,3,1] = Pick
[0,0,3,2] = Pick
[0,1,0,0] = Pick
[0,1,0,1] = Pick
[0,1,0,2] = Pick
[0,1,1,0] = Pick
[0,1,1,1] = Pick
[0,1,1,2] = Pick
[0,1,2,0] = Pick
[0,1,2,1] = Pick
[0,1,2,2] = Pick
[0,1,3,0] = Pick
[0,1,3,1] = Pick
[0,1,3,2] = Pick
[0,2,0,0] = Pick
[0,2,0,1] = Pick
[0,2,0,2] = InspectWithoutPicking
[0,2,1,0] = Pick
[0,2,1,1] = Pick
[0,2,1,2] = InspectWithoutPicking
[0,2,2,0] = Pick
[0,2,2,1] = Pick
[0,2,2,2] = InspectWithoutPicking
[0,2,3,0] = Pick
[0,2,3,1] = Pick
[0,2,3,2] = Pick
[1,0,1,0] = PlaceOnConveyor
[1,0,1,1] = PlaceOnConveyor
[1,0,1,2] = PlaceOnConveyor
[1,1,1,0] = PlaceOnConveyor
[1,1,1,1] = PlaceOnConveyor
[1,1,1,2] = PlaceOnConveyor
[1,2,1,0] = InspectAfterPicking
[1,2,1,1] = InspectAfterPicking
[1,2,1,2] = InspectAfterPicking
[2,0,0,0] = ClaimNextInList
[2,0,0,1] = ClaimNextInList
[2,0,0,2] = InspectWithoutPicking
[2,0,1,0] = ClaimNextInList
[2,0,1,1] = ClaimNextInList
[2,0,1,2] = InspectWithoutPicking
[2,0,2,0] = ClaimNextInList
[2,0,2,1] = ClaimNextInList
[2,0,2,2] = InspectWithoutPicking
[2,0,3,0] = ClaimNextInList
[2,0,3,1] = ClaimNextInList
[2,0,3,2] = InspectWithoutPicking
[2,1,0,0] = ClaimNextInList
[2,1,0,1] = ClaimNextInList
[2,1,0,2] = InspectWithoutPicking
[2,1,1,0] = ClaimNextInList
[2,1,1,1] = ClaimNextInList
[2,1,1,2] = InspectWithoutPicking
[2,1,2,0] = ClaimNextInList
[2,1,2,1] = ClaimNextInList
[2,1,2,2] = InspectWithoutPicking
[2,1,3,0] = ClaimNextInList
[2,1,3,1] = ClaimNextInList
[2,1,3,2] = InspectWithoutPicking
[2,2,0,0] = ClaimNextInList
[2,2,0,1] = ClaimNextInList
[2,2,0,2] = InspectWithoutPicking
[2,2,1,0] = ClaimNextInList
[2,2,1,1] = ClaimNextInList
[2,2,1,2] = InspectWithoutPicking
[2,2,2,0] = ClaimNextInList
[2,2,2,1] = ClaimNextInList
[2,2,2,2] = InspectWithoutPicking
[2,2,3,0] = ClaimNextInList
[2,2,3,1] = ClaimNextInList
[2,2,3,2] = InspectWithoutPicking
[3,0,3,0] = PlaceOnConveyor
[3,0,3,1] = PlaceOnConveyor
[3,0,3,2] = PlaceOnConveyor
[3,1,3,0] = PlaceOnConveyor
[3,1,3,1] = PlaceOnConveyor
[3,1,3,2] = PlaceOnConveyor
[3,2,3,0] = InspectAfterPicking
[3,2,3,1] = InspectAfterPicking
[3,2,3,2] = InspectAfterPicking
[4,0,0,0] = Pick
[4,0,0,1] = Pick
[4,0,0,2] = Pick
[4,0,1,0] = Pick
[4,0,1,1] = Pick
[4,0,1,2] = Pick
[4,0,2,0] = Pick
[4,0,2,1] = Pick
[4,0,2,2] = Pick
[4,0,3,0] = Pick
[4,0,3,1] = Pick
[4,0,3,2] = Pick
[4,1,0,0] = Pick
[4,1,0,1] = Pick
[4,1,0,2] = Pick
[4,1,1,0] = Pick
[4,1,1,1] = Pick
[4,1,1,2] = Pick
[4,1,2,0] = Pick
[4,1,2,1] = Pick
[4,1,2,2] = Pick
[4,1,3,0] = Pick
[4,1,3,1] = Pick
[4,1,3,2] = Pick
[4,2,0,0] = Pick
[4,2,0,1] = Pick
[4,2,0,2] = Pick
[4,2,1,0] = Pick
[4,2,1,1] = Pick
[4,2,1,2] = Pick
[4,2,2,0] = Pick
[4,2,2,1] = Pick
[4,2,2,2] = Pick
[4,2,3,0] = Pick
[4,2,3,1] = Pick
[4,2,3,2] = InspectWithoutPicking
